<?xml version="1.0" encoding="UTF-8"?>
<!-- Generated by org.testng.reporters.JUnitXMLReporter -->
<testsuite hostname="NAITIK-PC" name="Test" tests="2" failures="2" timestamp="14 Sep 2017 05:14:05 GMT" time="59.321" errors="0">
  <testcase name="createAccount" time="31.952" classname="test.CreateAccountTest">
    <failure type="java.lang.AssertionError" message="Title does not match">
      <![CDATA[java.lang.AssertionError: Title does not match
	at pages.createAccountPage.verifyTitle(createAccountPage.java:88)
	at test.CreateAccountTest.createAccount(CreateAccountTest.java:69)
	at sun.reflect.NativeMethodAccessorImpl.invoke0(Native Method)
	at sun.reflect.NativeMethodAccessorImpl.invoke(Unknown Source)
	at sun.reflect.DelegatingMethodAccessorImpl.invoke(Unknown Source)
	at java.lang.reflect.Method.invoke(Unknown Source)
	at org.testng.internal.MethodInvocationHelper.invokeMethod(MethodInvocationHelper.java:85)
	at org.testng.internal.Invoker.invokeMethod(Invoker.java:639)
	at org.testng.internal.Invoker.invokeTestMethod(Invoker.java:816)
	at org.testng.internal.Invoker.invokeTestMethods(Invoker.java:1124)
	at org.testng.internal.TestMethodWorker.invokeTestMethods(TestMethodWorker.java:125)
	at org.testng.internal.TestMethodWorker.run(TestMethodWorker.java:108)
	at org.testng.TestRunner.privateRun(TestRunner.java:774)
	at org.testng.TestRunner.run(TestRunner.java:624)
	at org.testng.SuiteRunner.runTest(SuiteRunner.java:359)
	at org.testng.SuiteRunner.runSequentially(SuiteRunner.java:354)
	at org.testng.SuiteRunner.privateRun(SuiteRunner.java:312)
	at org.testng.SuiteRunner.run(SuiteRunner.java:261)
	at org.testng.SuiteRunnerWorker.runSuite(SuiteRunnerWorker.java:52)
	at org.testng.SuiteRunnerWorker.run(SuiteRunnerWorker.java:86)
	at org.testng.TestNG.runSuitesSequentially(TestNG.java:1215)
	at org.testng.TestNG.runSuitesLocally(TestNG.java:1140)
	at org.testng.TestNG.run(TestNG.java:1048)
	at org.testng.remote.AbstractRemoteTestNG.run(AbstractRemoteTestNG.java:132)
	at org.testng.remote.RemoteTestNG.initAndRun(RemoteTestNG.java:230)
	at org.testng.remote.RemoteTestNG.main(RemoteTestNG.java:76)
]]>
    </failure>
  </testcase> <!-- createAccount -->
  <testcase name="createAccount" time="32.501" classname="test.CreateAccountTest">
    <failure type="java.lang.StackOverflowError">
      <![CDATA[java.lang.StackOverflowError
	at Core.OpenAndCloseBrowser.getDriver(OpenAndCloseBrowser.java:41)
	at Core.OpenAndCloseBrowser.getDriver(OpenAndCloseBrowser.java:41)
	at Core.OpenAndCloseBrowser.getDriver(OpenAndCloseBrowser.java:41)
	at Core.OpenAndCloseBrowser.getDriver(OpenAndCloseBrowser.java:41)
	at Core.OpenAndCloseBrowser.getDriver(OpenAndCloseBrowser.java:41)
	at Core.OpenAndCloseBrowser.getDriver(OpenAndCloseBrowser.java:41)
	at Core.OpenAndCloseBrowser.getDriver(OpenAndCloseBrowser.java:41)
	at Core.OpenAndCloseBrowser.getDriver(OpenAndCloseBrowser.java:41)
	at Core.OpenAndCloseBrowser.getDriver(OpenAndCloseBrowser.java:41)
	at Core.OpenAndCloseBrowser.getDriver(OpenAndCloseBrowser.java:41)
	at Core.OpenAndCloseBrowser.getDriver(OpenAndCloseBrowser.java:41)
	at Core.OpenAndCloseBrowser.getDriver(OpenAndCloseBrowser.java:41)
	at Core.OpenAndCloseBrowser.getDriver(OpenAndCloseBrowser.java:41)
	at Core.OpenAndCloseBrowser.getDriver(OpenAndCloseBrowser.java:41)
	at Core.OpenAndCloseBrowser.getDriver(OpenAndCloseBrowser.java:41)
	at Core.OpenAndCloseBrowser.getDriver(OpenAndCloseBrowser.java:41)
	at Core.OpenAndCloseBrowser.getDriver(OpenAndCloseBrowser.java:41)
	at Core.OpenAndCloseBrowser.getDriver(OpenAndCloseBrowser.java:41)
	at Core.OpenAndCloseBrowser.getDriver(OpenAndCloseBrowser.java:41)
	at Core.OpenAndCloseBrowser.getDriver(OpenAndCloseBrowser.java:41)
	at Core.OpenAndCloseBrowser.getDriver(OpenAndCloseBrowser.java:41)
	at Core.OpenAndCloseBrowser.getDriver(OpenAndCloseBrowser.java:41)
	at Core.OpenAndCloseBrowser.getDriver(OpenAndCloseBrowser.java:41)
	at Core.OpenAndCloseBrowser.getDriver(OpenAndCloseBrowser.java:41)
	at Core.OpenAndCloseBrowser.getDriver(OpenAndCloseBrowser.java:41)
	at Core.OpenAndCloseBrowser.getDriver(OpenAndCloseBrowser.java:41)
	at Core.OpenAndCloseBrowser.getDriver(OpenAndCloseBrowser.java:41)
	at Core.OpenAndCloseBrowser.getDriver(OpenAndCloseBrowser.java:41)
	at Core.OpenAndCloseBrowser.getDriver(OpenAndCloseBrowser.java:41)
	at Core.OpenAndCloseBrowser.getDriver(OpenAndCloseBrowser.java:41)
	at Core.OpenAndCloseBrowser.getDriver(OpenAndCloseBrowser.java:41)
	at Core.OpenAndCloseBrowser.getDriver(OpenAndCloseBrowser.java:41)
	at Core.OpenAndCloseBrowser.getDriver(OpenAndCloseBrowser.java:41)
	at Core.OpenAndCloseBrowser.getDriver(OpenAndCloseBrowser.java:41)
	at Core.OpenAndCloseBrowser.getDriver(OpenAndCloseBrowser.java:41)
	at Core.OpenAndCloseBrowser.getDriver(OpenAndCloseBrowser.java:41)
	at Core.OpenAndCloseBrowser.getDriver(OpenAndCloseBrowser.java:41)
	at Core.OpenAndCloseBrowser.getDriver(OpenAndCloseBrowser.java:41)
	at Core.OpenAndCloseBrowser.getDriver(OpenAndCloseBrowser.java:41)
	at Core.OpenAndCloseBrowser.getDriver(OpenAndCloseBrowser.java:41)
	at Core.OpenAndCloseBrowser.getDriver(OpenAndCloseBrowser.java:41)
	at Core.OpenAndCloseBrowser.getDriver(OpenAndCloseBrowser.java:41)
	at Core.OpenAndCloseBrowser.getDriver(OpenAndCloseBrowser.java:41)
	at Core.OpenAndCloseBrowser.getDriver(OpenAndCloseBrowser.java:41)
	at Core.OpenAndCloseBrowser.getDriver(OpenAndCloseBrowser.java:41)
	at Core.OpenAndCloseBrowser.getDriver(OpenAndCloseBrowser.java:41)
	at Core.OpenAndCloseBrowser.getDriver(OpenAndCloseBrowser.java:41)
	at Core.OpenAndCloseBrowser.getDriver(OpenAndCloseBrowser.java:41)
	at Core.OpenAndCloseBrowser.getDriver(OpenAndCloseBrowser.java:41)
	at Core.OpenAndCloseBrowser.getDriver(OpenAndCloseBrowser.java:41)
	at Core.OpenAndCloseBrowser.getDriver(OpenAndCloseBrowser.java:41)
	at Core.OpenAndCloseBrowser.getDriver(OpenAndCloseBrowser.java:41)
	at Core.OpenAndCloseBrowser.getDriver(OpenAndCloseBrowser.java:41)
	at Core.OpenAndCloseBrowser.getDriver(OpenAndCloseBrowser.java:41)
	at Core.OpenAndCloseBrowser.getDriver(OpenAndCloseBrowser.java:41)
	at Core.OpenAndCloseBrowser.getDriver(OpenAndCloseBrowser.java:41)
	at Core.OpenAndCloseBrowser.getDriver(OpenAndCloseBrowser.java:41)
	at Core.OpenAndCloseBrowser.getDriver(OpenAndCloseBrowser.java:41)
	at Core.OpenAndCloseBrowser.getDriver(OpenAndCloseBrowser.java:41)
	at Core.OpenAndCloseBrowser.getDriver(OpenAndCloseBrowser.java:41)
	at Core.OpenAndCloseBrowser.getDriver(OpenAndCloseBrowser.java:41)
	at Core.OpenAndCloseBrowser.getDriver(OpenAndCloseBrowser.java:41)
	at Core.OpenAndCloseBrowser.getDriver(OpenAndCloseBrowser.java:41)
	at Core.OpenAndCloseBrowser.getDriver(OpenAndCloseBrowser.java:41)
	at Core.OpenAndCloseBrowser.getDriver(OpenAndCloseBrowser.java:41)
	at Core.OpenAndCloseBrowser.getDriver(OpenAndCloseBrowser.java:41)
	at Core.OpenAndCloseBrowser.getDriver(OpenAndCloseBrowser.java:41)
	at Core.OpenAndCloseBrowser.getDriver(OpenAndCloseBrowser.java:41)
	at Core.OpenAndCloseBrowser.getDriver(OpenAndCloseBrowser.java:41)
	at Core.OpenAndCloseBrowser.getDriver(OpenAndCloseBrowser.java:41)
	at Core.OpenAndCloseBrowser.getDriver(OpenAndCloseBrowser.java:41)
	at Core.OpenAndCloseBrowser.getDriver(OpenAndCloseBrowser.java:41)
	at Core.OpenAndCloseBrowser.getDriver(OpenAndCloseBrowser.java:41)
	at Core.OpenAndCloseBrowser.getDriver(OpenAndCloseBrowser.java:41)
	at Core.OpenAndCloseBrowser.getDriver(OpenAndCloseBrowser.java:41)
	at Core.OpenAndCloseBrowser.getDriver(OpenAndCloseBrowser.java:41)
	at Core.OpenAndCloseBrowser.getDriver(OpenAndCloseBrowser.java:41)
	at Core.OpenAndCloseBrowser.getDriver(OpenAndCloseBrowser.java:41)
	at Core.OpenAndCloseBrowser.getDriver(OpenAndCloseBrowser.java:41)
	at Core.OpenAndCloseBrowser.getDriver(OpenAndCloseBrowser.java:41)
	at Core.OpenAndCloseBrowser.getDriver(OpenAndCloseBrowser.java:41)
	at Core.OpenAndCloseBrowser.getDriver(OpenAndCloseBrowser.java:41)
	at Core.OpenAndCloseBrowser.getDriver(OpenAndCloseBrowser.java:41)
	at Core.OpenAndCloseBrowser.getDriver(OpenAndCloseBrowser.java:41)
	at Core.OpenAndCloseBrowser.getDriver(OpenAndCloseBrowser.java:41)
	at Core.OpenAndCloseBrowser.getDriver(OpenAndCloseBrowser.java:41)
	at Core.OpenAndCloseBrowser.getDriver(OpenAndCloseBrowser.java:41)
	at Core.OpenAndCloseBrowser.getDriver(OpenAndCloseBrowser.java:41)
	at Core.OpenAndCloseBrowser.getDriver(OpenAndCloseBrowser.java:41)
	at Core.OpenAndCloseBrowser.getDriver(OpenAndCloseBrowser.java:41)
	at Core.OpenAndCloseBrowser.getDriver(OpenAndCloseBrowser.java:41)
	at Core.OpenAndCloseBrowser.getDriver(OpenAndCloseBrowser.java:41)
	at Core.OpenAndCloseBrowser.getDriver(OpenAndCloseBrowser.java:41)
	at Core.OpenAndCloseBrowser.getDriver(OpenAndCloseBrowser.java:41)
	at Core.OpenAndCloseBrowser.getDriver(OpenAndCloseBrowser.java:41)
	at Core.OpenAndCloseBrowser.getDriver(OpenAndCloseBrowser.java:41)
	at Core.OpenAndCloseBrowser.getDriver(OpenAndCloseBrowser.java:41)
	at Core.OpenAndCloseBrowser.getDriver(OpenAndCloseBrowser.java:41)
	at Core.OpenAndCloseBrowser.getDriver(OpenAndCloseBrowser.java:41)
	at Core.OpenAndCloseBrowser.getDriver(OpenAndCloseBrowser.java:41)
	at Core.OpenAndCloseBrowser.getDriver(OpenAndCloseBrowser.java:41)
	at Core.OpenAndCloseBrowser.getDriver(OpenAndCloseBrowser.java:41)
	at Core.OpenAndCloseBrowser.getDriver(OpenAndCloseBrowser.java:41)
	at Core.OpenAndCloseBrowser.getDriver(OpenAndCloseBrowser.java:41)
	at Core.OpenAndCloseBrowser.getDriver(OpenAndCloseBrowser.java:41)
	at Core.OpenAndCloseBrowser.getDriver(OpenAndCloseBrowser.java:41)
	at Core.OpenAndCloseBrowser.getDriver(OpenAndCloseBrowser.java:41)
	at Core.OpenAndCloseBrowser.getDriver(OpenAndCloseBrowser.java:41)
	at Core.OpenAndCloseBrowser.getDriver(OpenAndCloseBrowser.java:41)
	at Core.OpenAndCloseBrowser.getDriver(OpenAndCloseBrowser.java:41)
	at Core.OpenAndCloseBrowser.getDriver(OpenAndCloseBrowser.java:41)
	at Core.OpenAndCloseBrowser.getDriver(OpenAndCloseBrowser.java:41)
	at Core.OpenAndCloseBrowser.getDriver(OpenAndCloseBrowser.java:41)
	at Core.OpenAndCloseBrowser.getDriver(OpenAndCloseBrowser.java:41)
	at Core.OpenAndCloseBrowser.getDriver(OpenAndCloseBrowser.java:41)
	at Core.OpenAndCloseBrowser.getDriver(OpenAndCloseBrowser.java:41)
	at Core.OpenAndCloseBrowser.getDriver(OpenAndCloseBrowser.java:41)
	at Core.OpenAndCloseBrowser.getDriver(OpenAndCloseBrowser.java:41)
	at Core.OpenAndCloseBrowser.getDriver(OpenAndCloseBrowser.java:41)
	at Core.OpenAndCloseBrowser.getDriver(OpenAndCloseBrowser.java:41)
	at Core.OpenAndCloseBrowser.getDriver(OpenAndCloseBrowser.java:41)
	at Core.OpenAndCloseBrowser.getDriver(OpenAndCloseBrowser.java:41)
	at Core.OpenAndCloseBrowser.getDriver(OpenAndCloseBrowser.java:41)
	at Core.OpenAndCloseBrowser.getDriver(OpenAndCloseBrowser.java:41)
	at Core.OpenAndCloseBrowser.getDriver(OpenAndCloseBrowser.java:41)
	at Core.OpenAndCloseBrowser.getDriver(OpenAndCloseBrowser.java:41)
	at Core.OpenAndCloseBrowser.getDriver(OpenAndCloseBrowser.java:41)
	at Core.OpenAndCloseBrowser.getDriver(OpenAndCloseBrowser.java:41)
	at Core.OpenAndCloseBrowser.getDriver(OpenAndCloseBrowser.java:41)
	at Core.OpenAndCloseBrowser.getDriver(OpenAndCloseBrowser.java:41)
	at Core.OpenAndCloseBrowser.getDriver(OpenAndCloseBrowser.java:41)
	at Core.OpenAndCloseBrowser.getDriver(OpenAndCloseBrowser.java:41)
	at Core.OpenAndCloseBrowser.getDriver(OpenAndCloseBrowser.java:41)
	at Core.OpenAndCloseBrowser.getDriver(OpenAndCloseBrowser.java:41)
	at Core.OpenAndCloseBrowser.getDriver(OpenAndCloseBrowser.java:41)
	at Core.OpenAndCloseBrowser.getDriver(OpenAndCloseBrowser.java:41)
	at Core.OpenAndCloseBrowser.getDriver(OpenAndCloseBrowser.java:41)
	at Core.OpenAndCloseBrowser.getDriver(OpenAndCloseBrowser.java:41)
	at Core.OpenAndCloseBrowser.getDriver(OpenAndCloseBrowser.java:41)
	at Core.OpenAndCloseBrowser.getDriver(OpenAndCloseBrowser.java:41)
	at Core.OpenAndCloseBrowser.getDriver(OpenAndCloseBrowser.java:41)
	at Core.OpenAndCloseBrowser.getDriver(OpenAndCloseBrowser.java:41)
	at Core.OpenAndCloseBrowser.getDriver(OpenAndCloseBrowser.java:41)
	at Core.OpenAndCloseBrowser.getDriver(OpenAndCloseBrowser.java:41)
	at Core.OpenAndCloseBrowser.getDriver(OpenAndCloseBrowser.java:41)
	at Core.OpenAndCloseBrowser.getDriver(OpenAndCloseBrowser.java:41)
	at Core.OpenAndCloseBrowser.getDriver(OpenAndCloseBrowser.java:41)
	at Core.OpenAndCloseBrowser.getDriver(OpenAndCloseBrowser.java:41)
	at Core.OpenAndCloseBrowser.getDriver(OpenAndCloseBrowser.java:41)
	at Core.OpenAndCloseBrowser.getDriver(OpenAndCloseBrowser.java:41)
	at Core.OpenAndCloseBrowser.getDriver(OpenAndCloseBrowser.java:41)
	at Core.OpenAndCloseBrowser.getDriver(OpenAndCloseBrowser.java:41)
	at Core.OpenAndCloseBrowser.getDriver(OpenAndCloseBrowser.java:41)
	at Core.OpenAndCloseBrowser.getDriver(OpenAndCloseBrowser.java:41)
	at Core.OpenAndCloseBrowser.getDriver(OpenAndCloseBrowser.java:41)
	at Core.OpenAndCloseBrowser.getDriver(OpenAndCloseBrowser.java:41)
	at Core.OpenAndCloseBrowser.getDriver(OpenAndCloseBrowser.java:41)
	at Core.OpenAndCloseBrowser.getDriver(OpenAndCloseBrowser.java:41)
	at Core.OpenAndCloseBrowser.getDriver(OpenAndCloseBrowser.java:41)
	at Core.OpenAndCloseBrowser.getDriver(OpenAndCloseBrowser.java:41)
	at Core.OpenAndCloseBrowser.getDriver(OpenAndCloseBrowser.java:41)
	at Core.OpenAndCloseBrowser.getDriver(OpenAndCloseBrowser.java:41)
	at Core.OpenAndCloseBrowser.getDriver(OpenAndCloseBrowser.java:41)
	at Core.OpenAndCloseBrowser.getDriver(OpenAndCloseBrowser.java:41)
	at Core.OpenAndCloseBrowser.getDriver(OpenAndCloseBrowser.java:41)
	at Core.OpenAndCloseBrowser.getDriver(OpenAndCloseBrowser.java:41)
	at Core.OpenAndCloseBrowser.getDriver(OpenAndCloseBrowser.java:41)
	at Core.OpenAndCloseBrowser.getDriver(OpenAndCloseBrowser.java:41)
	at Core.OpenAndCloseBrowser.getDriver(OpenAndCloseBrowser.java:41)
	at Core.OpenAndCloseBrowser.getDriver(OpenAndCloseBrowser.java:41)
	at Core.OpenAndCloseBrowser.getDriver(OpenAndCloseBrowser.java:41)
	at Core.OpenAndCloseBrowser.getDriver(OpenAndCloseBrowser.java:41)
	at Core.OpenAndCloseBrowser.getDriver(OpenAndCloseBrowser.java:41)
	at Core.OpenAndCloseBrowser.getDriver(OpenAndCloseBrowser.java:41)
	at Core.OpenAndCloseBrowser.getDriver(OpenAndCloseBrowser.java:41)
	at Core.OpenAndCloseBrowser.getDriver(OpenAndCloseBrowser.java:41)
	at Core.OpenAndCloseBrowser.getDriver(OpenAndCloseBrowser.java:41)
	at Core.OpenAndCloseBrowser.getDriver(OpenAndCloseBrowser.java:41)
	at Core.OpenAndCloseBrowser.getDriver(OpenAndCloseBrowser.java:41)
	at Core.OpenAndCloseBrowser.getDriver(OpenAndCloseBrowser.java:41)
	at Core.OpenAndCloseBrowser.getDriver(OpenAndCloseBrowser.java:41)
	at Core.OpenAndCloseBrowser.getDriver(OpenAndCloseBrowser.java:41)
	at Core.OpenAndCloseBrowser.getDriver(OpenAndCloseBrowser.java:41)
	at Core.OpenAndCloseBrowser.getDriver(OpenAndCloseBrowser.java:41)
	at Core.OpenAndCloseBrowser.getDriver(OpenAndCloseBrowser.java:41)
	at Core.OpenAndCloseBrowser.getDriver(OpenAndCloseBrowser.java:41)
	at Core.OpenAndCloseBrowser.getDriver(OpenAndCloseBrowser.java:41)
	at Core.OpenAndCloseBrowser.getDriver(OpenAndCloseBrowser.java:41)
	at Core.OpenAndCloseBrowser.getDriver(OpenAndCloseBrowser.java:41)
	at Core.OpenAndCloseBrowser.getDriver(OpenAndCloseBrowser.java:41)
	at Core.OpenAndCloseBrowser.getDriver(OpenAndCloseBrowser.java:41)
	at Core.OpenAndCloseBrowser.getDriver(OpenAndCloseBrowser.java:41)
	at Core.OpenAndCloseBrowser.getDriver(OpenAndCloseBrowser.java:41)
	at Core.OpenAndCloseBrowser.getDriver(OpenAndCloseBrowser.java:41)
	at Core.OpenAndCloseBrowser.getDriver(OpenAndCloseBrowser.java:41)
	at Core.OpenAndCloseBrowser.getDriver(OpenAndCloseBrowser.java:41)
	at Core.OpenAndCloseBrowser.getDriver(OpenAndCloseBrowser.java:41)
	at Core.OpenAndCloseBrowser.getDriver(OpenAndCloseBrowser.java:41)
	at Core.OpenAndCloseBrowser.getDriver(OpenAndCloseBrowser.java:41)
	at Core.OpenAndCloseBrowser.getDriver(OpenAndCloseBrowser.java:41)
	at Core.OpenAndCloseBrowser.getDriver(OpenAndCloseBrowser.java:41)
	at Core.OpenAndCloseBrowser.getDriver(OpenAndCloseBrowser.java:41)
	at Core.OpenAndCloseBrowser.getDriver(OpenAndCloseBrowser.java:41)
	at Core.OpenAndCloseBrowser.getDriver(OpenAndCloseBrowser.java:41)
	at Core.OpenAndCloseBrowser.getDriver(OpenAndCloseBrowser.java:41)
	at Core.OpenAndCloseBrowser.getDriver(OpenAndCloseBrowser.java:41)
	at Core.OpenAndCloseBrowser.getDriver(OpenAndCloseBrowser.java:41)
	at Core.OpenAndCloseBrowser.getDriver(OpenAndCloseBrowser.java:41)
	at Core.OpenAndCloseBrowser.getDriver(OpenAndCloseBrowser.java:41)
	at Core.OpenAndCloseBrowser.getDriver(OpenAndCloseBrowser.java:41)
	at Core.OpenAndCloseBrowser.getDriver(OpenAndCloseBrowser.java:41)
	at Core.OpenAndCloseBrowser.getDriver(OpenAndCloseBrowser.java:41)
	at Core.OpenAndCloseBrowser.getDriver(OpenAndCloseBrowser.java:41)
	at Core.OpenAndCloseBrowser.getDriver(OpenAndCloseBrowser.java:41)
	at Core.OpenAndCloseBrowser.getDriver(OpenAndCloseBrowser.java:41)
	at Core.OpenAndCloseBrowser.getDriver(OpenAndCloseBrowser.java:41)
	at Core.OpenAndCloseBrowser.getDriver(OpenAndCloseBrowser.java:41)
	at Core.OpenAndCloseBrowser.getDriver(OpenAndCloseBrowser.java:41)
	at Core.OpenAndCloseBrowser.getDriver(OpenAndCloseBrowser.java:41)
	at Core.OpenAndCloseBrowser.getDriver(OpenAndCloseBrowser.java:41)
	at Core.OpenAndCloseBrowser.getDriver(OpenAndCloseBrowser.java:41)
	at Core.OpenAndCloseBrowser.getDriver(OpenAndCloseBrowser.java:41)
	at Core.OpenAndCloseBrowser.getDriver(OpenAndCloseBrowser.java:41)
	at Core.OpenAndCloseBrowser.getDriver(OpenAndCloseBrowser.java:41)
	at Core.OpenAndCloseBrowser.getDriver(OpenAndCloseBrowser.java:41)
	at Core.OpenAndCloseBrowser.getDriver(OpenAndCloseBrowser.java:41)
	at Core.OpenAndCloseBrowser.getDriver(OpenAndCloseBrowser.java:41)
	at Core.OpenAndCloseBrowser.getDriver(OpenAndCloseBrowser.java:41)
	at Core.OpenAndCloseBrowser.getDriver(OpenAndCloseBrowser.java:41)
	at Core.OpenAndCloseBrowser.getDriver(OpenAndCloseBrowser.java:41)
	at Core.OpenAndCloseBrowser.getDriver(OpenAndCloseBrowser.java:41)
	at Core.OpenAndCloseBrowser.getDriver(OpenAndCloseBrowser.java:41)
	at Core.OpenAndCloseBrowser.getDriver(OpenAndCloseBrowser.java:41)
	at Core.OpenAndCloseBrowser.getDriver(OpenAndCloseBrowser.java:41)
	at Core.OpenAndCloseBrowser.getDriver(OpenAndCloseBrowser.java:41)
	at Core.OpenAndCloseBrowser.getDriver(OpenAndCloseBrowser.java:41)
	at Core.OpenAndCloseBrowser.getDriver(OpenAndCloseBrowser.java:41)
	at Core.OpenAndCloseBrowser.getDriver(OpenAndCloseBrowser.java:41)
	at Core.OpenAndCloseBrowser.getDriver(OpenAndCloseBrowser.java:41)
	at Core.OpenAndCloseBrowser.getDriver(OpenAndCloseBrowser.java:41)
	at Core.OpenAndCloseBrowser.getDriver(OpenAndCloseBrowser.java:41)
	at Core.OpenAndCloseBrowser.getDriver(OpenAndCloseBrowser.java:41)
	at Core.OpenAndCloseBrowser.getDriver(OpenAndCloseBrowser.java:41)
	at Core.OpenAndCloseBrowser.getDriver(OpenAndCloseBrowser.java:41)
	at Core.OpenAndCloseBrowser.getDriver(OpenAndCloseBrowser.java:41)
	at Core.OpenAndCloseBrowser.getDriver(OpenAndCloseBrowser.java:41)
	at Core.OpenAndCloseBrowser.getDriver(OpenAndCloseBrowser.java:41)
	at Core.OpenAndCloseBrowser.getDriver(OpenAndCloseBrowser.java:41)
	at Core.OpenAndCloseBrowser.getDriver(OpenAndCloseBrowser.java:41)
	at Core.OpenAndCloseBrowser.getDriver(OpenAndCloseBrowser.java:41)
	at Core.OpenAndCloseBrowser.getDriver(OpenAndCloseBrowser.java:41)
	at Core.OpenAndCloseBrowser.getDriver(OpenAndCloseBrowser.java:41)
	at Core.OpenAndCloseBrowser.getDriver(OpenAndCloseBrowser.java:41)
	at Core.OpenAndCloseBrowser.getDriver(OpenAndCloseBrowser.java:41)
	at Core.OpenAndCloseBrowser.getDriver(OpenAndCloseBrowser.java:41)
	at Core.OpenAndCloseBrowser.getDriver(OpenAndCloseBrowser.java:41)
	at Core.OpenAndCloseBrowser.getDriver(OpenAndCloseBrowser.java:41)
	at Core.OpenAndCloseBrowser.getDriver(OpenAndCloseBrowser.java:41)
	at Core.OpenAndCloseBrowser.getDriver(OpenAndCloseBrowser.java:41)
	at Core.OpenAndCloseBrowser.getDriver(OpenAndCloseBrowser.java:41)
	at Core.OpenAndCloseBrowser.getDriver(OpenAndCloseBrowser.java:41)
	at Core.OpenAndCloseBrowser.getDriver(OpenAndCloseBrowser.java:41)
	at Core.OpenAndCloseBrowser.getDriver(OpenAndCloseBrowser.java:41)
	at Core.OpenAndCloseBrowser.getDriver(OpenAndCloseBrowser.java:41)
	at Core.OpenAndCloseBrowser.getDriver(OpenAndCloseBrowser.java:41)
	at Core.OpenAndCloseBrowser.getDriver(OpenAndCloseBrowser.java:41)
	at Core.OpenAndCloseBrowser.getDriver(OpenAndCloseBrowser.java:41)
	at Core.OpenAndCloseBrowser.getDriver(OpenAndCloseBrowser.java:41)
	at Core.OpenAndCloseBrowser.getDriver(OpenAndCloseBrowser.java:41)
	at Core.OpenAndCloseBrowser.getDriver(OpenAndCloseBrowser.java:41)
	at Core.OpenAndCloseBrowser.getDriver(OpenAndCloseBrowser.java:41)
	at Core.OpenAndCloseBrowser.getDriver(OpenAndCloseBrowser.java:41)
	at Core.OpenAndCloseBrowser.getDriver(OpenAndCloseBrowser.java:41)
	at Core.OpenAndCloseBrowser.getDriver(OpenAndCloseBrowser.java:41)
	at Core.OpenAndCloseBrowser.getDriver(OpenAndCloseBrowser.java:41)
	at Core.OpenAndCloseBrowser.getDriver(OpenAndCloseBrowser.java:41)
	at Core.OpenAndCloseBrowser.getDriver(OpenAndCloseBrowser.java:41)
	at Core.OpenAndCloseBrowser.getDriver(OpenAndCloseBrowser.java:41)
	at Core.OpenAndCloseBrowser.getDriver(OpenAndCloseBrowser.java:41)
	at Core.OpenAndCloseBrowser.getDriver(OpenAndCloseBrowser.java:41)
	at Core.OpenAndCloseBrowser.getDriver(OpenAndCloseBrowser.java:41)
	at Core.OpenAndCloseBrowser.getDriver(OpenAndCloseBrowser.java:41)
	at Core.OpenAndCloseBrowser.getDriver(OpenAndCloseBrowser.java:41)
	at Core.OpenAndCloseBrowser.getDriver(OpenAndCloseBrowser.java:41)
	at Core.OpenAndCloseBrowser.getDriver(OpenAndCloseBrowser.java:41)
	at Core.OpenAndCloseBrowser.getDriver(OpenAndCloseBrowser.java:41)
	at Core.OpenAndCloseBrowser.getDriver(OpenAndCloseBrowser.java:41)
	at Core.OpenAndCloseBrowser.getDriver(OpenAndCloseBrowser.java:41)
	at Core.OpenAndCloseBrowser.getDriver(OpenAndCloseBrowser.java:41)
	at Core.OpenAndCloseBrowser.getDriver(OpenAndCloseBrowser.java:41)
	at Core.OpenAndCloseBrowser.getDriver(OpenAndCloseBrowser.java:41)
	at Core.OpenAndCloseBrowser.getDriver(OpenAndCloseBrowser.java:41)
	at Core.OpenAndCloseBrowser.getDriver(OpenAndCloseBrowser.java:41)
	at Core.OpenAndCloseBrowser.getDriver(OpenAndCloseBrowser.java:41)
	at Core.OpenAndCloseBrowser.getDriver(OpenAndCloseBrowser.java:41)
	at Core.OpenAndCloseBrowser.getDriver(OpenAndCloseBrowser.java:41)
	at Core.OpenAndCloseBrowser.getDriver(OpenAndCloseBrowser.java:41)
	at Core.OpenAndCloseBrowser.getDriver(OpenAndCloseBrowser.java:41)
	at Core.OpenAndCloseBrowser.getDriver(OpenAndCloseBrowser.java:41)
	at Core.OpenAndCloseBrowser.getDriver(OpenAndCloseBrowser.java:41)
	at Core.OpenAndCloseBrowser.getDriver(OpenAndCloseBrowser.java:41)
	at Core.OpenAndCloseBrowser.getDriver(OpenAndCloseBrowser.java:41)
	at Core.OpenAndCloseBrowser.getDriver(OpenAndCloseBrowser.java:41)
	at Core.OpenAndCloseBrowser.getDriver(OpenAndCloseBrowser.java:41)
	at Core.OpenAndCloseBrowser.getDriver(OpenAndCloseBrowser.java:41)
	at Core.OpenAndCloseBrowser.getDriver(OpenAndCloseBrowser.java:41)
	at Core.OpenAndCloseBrowser.getDriver(OpenAndCloseBrowser.java:41)
	at Core.OpenAndCloseBrowser.getDriver(OpenAndCloseBrowser.java:41)
	at Core.OpenAndCloseBrowser.getDriver(OpenAndCloseBrowser.java:41)
	at Core.OpenAndCloseBrowser.getDriver(OpenAndCloseBrowser.java:41)
	at Core.OpenAndCloseBrowser.getDriver(OpenAndCloseBrowser.java:41)
	at Core.OpenAndCloseBrowser.getDriver(OpenAndCloseBrowser.java:41)
	at Core.OpenAndCloseBrowser.getDriver(OpenAndCloseBrowser.java:41)
	at Core.OpenAndCloseBrowser.getDriver(OpenAndCloseBrowser.java:41)
	at Core.OpenAndCloseBrowser.getDriver(OpenAndCloseBrowser.java:41)
	at Core.OpenAndCloseBrowser.getDriver(OpenAndCloseBrowser.java:41)
	at Core.OpenAndCloseBrowser.getDriver(OpenAndCloseBrowser.java:41)
	at Core.OpenAndCloseBrowser.getDriver(OpenAndCloseBrowser.java:41)
	at Core.OpenAndCloseBrowser.getDriver(OpenAndCloseBrowser.java:41)
	at Core.OpenAndCloseBrowser.getDriver(OpenAndCloseBrowser.java:41)
	at Core.OpenAndCloseBrowser.getDriver(OpenAndCloseBrowser.java:41)
	at Core.OpenAndCloseBrowser.getDriver(OpenAndCloseBrowser.java:41)
	at Core.OpenAndCloseBrowser.getDriver(OpenAndCloseBrowser.java:41)
	at Core.OpenAndCloseBrowser.getDriver(OpenAndCloseBrowser.java:41)
	at Core.OpenAndCloseBrowser.getDriver(OpenAndCloseBrowser.java:41)
	at Core.OpenAndCloseBrowser.getDriver(OpenAndCloseBrowser.java:41)
	at Core.OpenAndCloseBrowser.getDriver(OpenAndCloseBrowser.java:41)
	at Core.OpenAndCloseBrowser.getDriver(OpenAndCloseBrowser.java:41)
	at Core.OpenAndCloseBrowser.getDriver(OpenAndCloseBrowser.java:41)
	at Core.OpenAndCloseBrowser.getDriver(OpenAndCloseBrowser.java:41)
	at Core.OpenAndCloseBrowser.getDriver(OpenAndCloseBrowser.java:41)
	at Core.OpenAndCloseBrowser.getDriver(OpenAndCloseBrowser.java:41)
	at Core.OpenAndCloseBrowser.getDriver(OpenAndCloseBrowser.java:41)
	at Core.OpenAndCloseBrowser.getDriver(OpenAndCloseBrowser.java:41)
	at Core.OpenAndCloseBrowser.getDriver(OpenAndCloseBrowser.java:41)
	at Core.OpenAndCloseBrowser.getDriver(OpenAndCloseBrowser.java:41)
	at Core.OpenAndCloseBrowser.getDriver(OpenAndCloseBrowser.java:41)
	at Core.OpenAndCloseBrowser.getDriver(OpenAndCloseBrowser.java:41)
	at Core.OpenAndCloseBrowser.getDriver(OpenAndCloseBrowser.java:41)
	at Core.OpenAndCloseBrowser.getDriver(OpenAndCloseBrowser.java:41)
	at Core.OpenAndCloseBrowser.getDriver(OpenAndCloseBrowser.java:41)
	at Core.OpenAndCloseBrowser.getDriver(OpenAndCloseBrowser.java:41)
	at Core.OpenAndCloseBrowser.getDriver(OpenAndCloseBrowser.java:41)
	at Core.OpenAndCloseBrowser.getDriver(OpenAndCloseBrowser.java:41)
	at Core.OpenAndCloseBrowser.getDriver(OpenAndCloseBrowser.java:41)
	at Core.OpenAndCloseBrowser.getDriver(OpenAndCloseBrowser.java:41)
	at Core.OpenAndCloseBrowser.getDriver(OpenAndCloseBrowser.java:41)
	at Core.OpenAndCloseBrowser.getDriver(OpenAndCloseBrowser.java:41)
	at Core.OpenAndCloseBrowser.getDriver(OpenAndCloseBrowser.java:41)
	at Core.OpenAndCloseBrowser.getDriver(OpenAndCloseBrowser.java:41)
	at Core.OpenAndCloseBrowser.getDriver(OpenAndCloseBrowser.java:41)
	at Core.OpenAndCloseBrowser.getDriver(OpenAndCloseBrowser.java:41)
	at Core.OpenAndCloseBrowser.getDriver(OpenAndCloseBrowser.java:41)
	at Core.OpenAndCloseBrowser.getDriver(OpenAndCloseBrowser.java:41)
	at Core.OpenAndCloseBrowser.getDriver(OpenAndCloseBrowser.java:41)
	at Core.OpenAndCloseBrowser.getDriver(OpenAndCloseBrowser.java:41)
	at Core.OpenAndCloseBrowser.getDriver(OpenAndCloseBrowser.java:41)
	at Core.OpenAndCloseBrowser.getDriver(OpenAndCloseBrowser.java:41)
	at Core.OpenAndCloseBrowser.getDriver(OpenAndCloseBrowser.java:41)
	at Core.OpenAndCloseBrowser.getDriver(OpenAndCloseBrowser.java:41)
	at Core.OpenAndCloseBrowser.getDriver(OpenAndCloseBrowser.java:41)
	at Core.OpenAndCloseBrowser.getDriver(OpenAndCloseBrowser.java:41)
	at Core.OpenAndCloseBrowser.getDriver(OpenAndCloseBrowser.java:41)
	at Core.OpenAndCloseBrowser.getDriver(OpenAndCloseBrowser.java:41)
	at Core.OpenAndCloseBrowser.getDriver(OpenAndCloseBrowser.java:41)
	at Core.OpenAndCloseBrowser.getDriver(OpenAndCloseBrowser.java:41)
	at Core.OpenAndCloseBrowser.getDriver(OpenAndCloseBrowser.java:41)
	at Core.OpenAndCloseBrowser.getDriver(OpenAndCloseBrowser.java:41)
	at Core.OpenAndCloseBrowser.getDriver(OpenAndCloseBrowser.java:41)
	at Core.OpenAndCloseBrowser.getDriver(OpenAndCloseBrowser.java:41)
	at Core.OpenAndCloseBrowser.getDriver(OpenAndCloseBrowser.java:41)
	at Core.OpenAndCloseBrowser.getDriver(OpenAndCloseBrowser.java:41)
	at Core.OpenAndCloseBrowser.getDriver(OpenAndCloseBrowser.java:41)
	at Core.OpenAndCloseBrowser.getDriver(OpenAndCloseBrowser.java:41)
	at Core.OpenAndCloseBrowser.getDriver(OpenAndCloseBrowser.java:41)
	at Core.OpenAndCloseBrowser.getDriver(OpenAndCloseBrowser.java:41)
	at Core.OpenAndCloseBrowser.getDriver(OpenAndCloseBrowser.java:41)
	at Core.OpenAndCloseBrowser.getDriver(OpenAndCloseBrowser.java:41)
	at Core.OpenAndCloseBrowser.getDriver(OpenAndCloseBrowser.java:41)
	at Core.OpenAndCloseBrowser.getDriver(OpenAndCloseBrowser.java:41)
	at Core.OpenAndCloseBrowser.getDriver(OpenAndCloseBrowser.java:41)
	at Core.OpenAndCloseBrowser.getDriver(OpenAndCloseBrowser.java:41)
	at Core.OpenAndCloseBrowser.getDriver(OpenAndCloseBrowser.java:41)
	at Core.OpenAndCloseBrowser.getDriver(OpenAndCloseBrowser.java:41)
	at Core.OpenAndCloseBrowser.getDriver(OpenAndCloseBrowser.java:41)
	at Core.OpenAndCloseBrowser.getDriver(OpenAndCloseBrowser.java:41)
	at Core.OpenAndCloseBrowser.getDriver(OpenAndCloseBrowser.java:41)
	at Core.OpenAndCloseBrowser.getDriver(OpenAndCloseBrowser.java:41)
	at Core.OpenAndCloseBrowser.getDriver(OpenAndCloseBrowser.java:41)
	at Core.OpenAndCloseBrowser.getDriver(OpenAndCloseBrowser.java:41)
	at Core.OpenAndCloseBrowser.getDriver(OpenAndCloseBrowser.java:41)
	at Core.OpenAndCloseBrowser.getDriver(OpenAndCloseBrowser.java:41)
	at Core.OpenAndCloseBrowser.getDriver(OpenAndCloseBrowser.java:41)
	at Core.OpenAndCloseBrowser.getDriver(OpenAndCloseBrowser.java:41)
	at Core.OpenAndCloseBrowser.getDriver(OpenAndCloseBrowser.java:41)
	at Core.OpenAndCloseBrowser.getDriver(OpenAndCloseBrowser.java:41)
	at Core.OpenAndCloseBrowser.getDriver(OpenAndCloseBrowser.java:41)
	at Core.OpenAndCloseBrowser.getDriver(OpenAndCloseBrowser.java:41)
	at Core.OpenAndCloseBrowser.getDriver(OpenAndCloseBrowser.java:41)
	at Core.OpenAndCloseBrowser.getDriver(OpenAndCloseBrowser.java:41)
	at Core.OpenAndCloseBrowser.getDriver(OpenAndCloseBrowser.java:41)
	at Core.OpenAndCloseBrowser.getDriver(OpenAndCloseBrowser.java:41)
	at Core.OpenAndCloseBrowser.getDriver(OpenAndCloseBrowser.java:41)
	at Core.OpenAndCloseBrowser.getDriver(OpenAndCloseBrowser.java:41)
	at Core.OpenAndCloseBrowser.getDriver(OpenAndCloseBrowser.java:41)
	at Core.OpenAndCloseBrowser.getDriver(OpenAndCloseBrowser.java:41)
	at Core.OpenAndCloseBrowser.getDriver(OpenAndCloseBrowser.java:41)
	at Core.OpenAndCloseBrowser.getDriver(OpenAndCloseBrowser.java:41)
	at Core.OpenAndCloseBrowser.getDriver(OpenAndCloseBrowser.java:41)
	at Core.OpenAndCloseBrowser.getDriver(OpenAndCloseBrowser.java:41)
	at Core.OpenAndCloseBrowser.getDriver(OpenAndCloseBrowser.java:41)
	at Core.OpenAndCloseBrowser.getDriver(OpenAndCloseBrowser.java:41)
	at Core.OpenAndCloseBrowser.getDriver(OpenAndCloseBrowser.java:41)
	at Core.OpenAndCloseBrowser.getDriver(OpenAndCloseBrowser.java:41)
	at Core.OpenAndCloseBrowser.getDriver(OpenAndCloseBrowser.java:41)
	at Core.OpenAndCloseBrowser.getDriver(OpenAndCloseBrowser.java:41)
	at Core.OpenAndCloseBrowser.getDriver(OpenAndCloseBrowser.java:41)
	at Core.OpenAndCloseBrowser.getDriver(OpenAndCloseBrowser.java:41)
	at Core.OpenAndCloseBrowser.getDriver(OpenAndCloseBrowser.java:41)
	at Core.OpenAndCloseBrowser.getDriver(OpenAndCloseBrowser.java:41)
	at Core.OpenAndCloseBrowser.getDriver(OpenAndCloseBrowser.java:41)
	at Core.OpenAndCloseBrowser.getDriver(OpenAndCloseBrowser.java:41)
	at Core.OpenAndCloseBrowser.getDriver(OpenAndCloseBrowser.java:41)
	at Core.OpenAndCloseBrowser.getDriver(OpenAndCloseBrowser.java:41)
	at Core.OpenAndCloseBrowser.getDriver(OpenAndCloseBrowser.java:41)
	at Core.OpenAndCloseBrowser.getDriver(OpenAndCloseBrowser.java:41)
	at Core.OpenAndCloseBrowser.getDriver(OpenAndCloseBrowser.java:41)
	at Core.OpenAndCloseBrowser.getDriver(OpenAndCloseBrowser.java:41)
	at Core.OpenAndCloseBrowser.getDriver(OpenAndCloseBrowser.java:41)
	at Core.OpenAndCloseBrowser.getDriver(OpenAndCloseBrowser.java:41)
	at Core.OpenAndCloseBrowser.getDriver(OpenAndCloseBrowser.java:41)
	at Core.OpenAndCloseBrowser.getDriver(OpenAndCloseBrowser.java:41)
	at Core.OpenAndCloseBrowser.getDriver(OpenAndCloseBrowser.java:41)
	at Core.OpenAndCloseBrowser.getDriver(OpenAndCloseBrowser.java:41)
	at Core.OpenAndCloseBrowser.getDriver(OpenAndCloseBrowser.java:41)
	at Core.OpenAndCloseBrowser.getDriver(OpenAndCloseBrowser.java:41)
	at Core.OpenAndCloseBrowser.getDriver(OpenAndCloseBrowser.java:41)
	at Core.OpenAndCloseBrowser.getDriver(OpenAndCloseBrowser.java:41)
	at Core.OpenAndCloseBrowser.getDriver(OpenAndCloseBrowser.java:41)
	at Core.OpenAndCloseBrowser.getDriver(OpenAndCloseBrowser.java:41)
	at Core.OpenAndCloseBrowser.getDriver(OpenAndCloseBrowser.java:41)
	at Core.OpenAndCloseBrowser.getDriver(OpenAndCloseBrowser.java:41)
	at Core.OpenAndCloseBrowser.getDriver(OpenAndCloseBrowser.java:41)
	at Core.OpenAndCloseBrowser.getDriver(OpenAndCloseBrowser.java:41)
	at Core.OpenAndCloseBrowser.getDriver(OpenAndCloseBrowser.java:41)
	at Core.OpenAndCloseBrowser.getDriver(OpenAndCloseBrowser.java:41)
	at Core.OpenAndCloseBrowser.getDriver(OpenAndCloseBrowser.java:41)
	at Core.OpenAndCloseBrowser.getDriver(OpenAndCloseBrowser.java:41)
	at Core.OpenAndCloseBrowser.getDriver(OpenAndCloseBrowser.java:41)
	at Core.OpenAndCloseBrowser.getDriver(OpenAndCloseBrowser.java:41)
	at Core.OpenAndCloseBrowser.getDriver(OpenAndCloseBrowser.java:41)
	at Core.OpenAndCloseBrowser.getDriver(OpenAndCloseBrowser.java:41)
	at Core.OpenAndCloseBrowser.getDriver(OpenAndCloseBrowser.java:41)
	at Core.OpenAndCloseBrowser.getDriver(OpenAndCloseBrowser.java:41)
	at Core.OpenAndCloseBrowser.getDriver(OpenAndCloseBrowser.java:41)
	at Core.OpenAndCloseBrowser.getDriver(OpenAndCloseBrowser.java:41)
	at Core.OpenAndCloseBrowser.getDriver(OpenAndCloseBrowser.java:41)
	at Core.OpenAndCloseBrowser.getDriver(OpenAndCloseBrowser.java:41)
	at Core.OpenAndCloseBrowser.getDriver(OpenAndCloseBrowser.java:41)
	at Core.OpenAndCloseBrowser.getDriver(OpenAndCloseBrowser.java:41)
	at Core.OpenAndCloseBrowser.getDriver(OpenAndCloseBrowser.java:41)
	at Core.OpenAndCloseBrowser.getDriver(OpenAndCloseBrowser.java:41)
	at Core.OpenAndCloseBrowser.getDriver(OpenAndCloseBrowser.java:41)
	at Core.OpenAndCloseBrowser.getDriver(OpenAndCloseBrowser.java:41)
	at Core.OpenAndCloseBrowser.getDriver(OpenAndCloseBrowser.java:41)
	at Core.OpenAndCloseBrowser.getDriver(OpenAndCloseBrowser.java:41)
	at Core.OpenAndCloseBrowser.getDriver(OpenAndCloseBrowser.java:41)
	at Core.OpenAndCloseBrowser.getDriver(OpenAndCloseBrowser.java:41)
	at Core.OpenAndCloseBrowser.getDriver(OpenAndCloseBrowser.java:41)
	at Core.OpenAndCloseBrowser.getDriver(OpenAndCloseBrowser.java:41)
	at Core.OpenAndCloseBrowser.getDriver(OpenAndCloseBrowser.java:41)
	at Core.OpenAndCloseBrowser.getDriver(OpenAndCloseBrowser.java:41)
	at Core.OpenAndCloseBrowser.getDriver(OpenAndCloseBrowser.java:41)
	at Core.OpenAndCloseBrowser.getDriver(OpenAndCloseBrowser.java:41)
	at Core.OpenAndCloseBrowser.getDriver(OpenAndCloseBrowser.java:41)
	at Core.OpenAndCloseBrowser.getDriver(OpenAndCloseBrowser.java:41)
	at Core.OpenAndCloseBrowser.getDriver(OpenAndCloseBrowser.java:41)
	at Core.OpenAndCloseBrowser.getDriver(OpenAndCloseBrowser.java:41)
	at Core.OpenAndCloseBrowser.getDriver(OpenAndCloseBrowser.java:41)
	at Core.OpenAndCloseBrowser.getDriver(OpenAndCloseBrowser.java:41)
	at Core.OpenAndCloseBrowser.getDriver(OpenAndCloseBrowser.java:41)
	at Core.OpenAndCloseBrowser.getDriver(OpenAndCloseBrowser.java:41)
	at Core.OpenAndCloseBrowser.getDriver(OpenAndCloseBrowser.java:41)
	at Core.OpenAndCloseBrowser.getDriver(OpenAndCloseBrowser.java:41)
	at Core.OpenAndCloseBrowser.getDriver(OpenAndCloseBrowser.java:41)
	at Core.OpenAndCloseBrowser.getDriver(OpenAndCloseBrowser.java:41)
	at Core.OpenAndCloseBrowser.getDriver(OpenAndCloseBrowser.java:41)
	at Core.OpenAndCloseBrowser.getDriver(OpenAndCloseBrowser.java:41)
	at Core.OpenAndCloseBrowser.getDriver(OpenAndCloseBrowser.java:41)
	at Core.OpenAndCloseBrowser.getDriver(OpenAndCloseBrowser.java:41)
	at Core.OpenAndCloseBrowser.getDriver(OpenAndCloseBrowser.java:41)
	at Core.OpenAndCloseBrowser.getDriver(OpenAndCloseBrowser.java:41)
	at Core.OpenAndCloseBrowser.getDriver(OpenAndCloseBrowser.java:41)
	at Core.OpenAndCloseBrowser.getDriver(OpenAndCloseBrowser.java:41)
	at Core.OpenAndCloseBrowser.getDriver(OpenAndCloseBrowser.java:41)
	at Core.OpenAndCloseBrowser.getDriver(OpenAndCloseBrowser.java:41)
	at Core.OpenAndCloseBrowser.getDriver(OpenAndCloseBrowser.java:41)
	at Core.OpenAndCloseBrowser.getDriver(OpenAndCloseBrowser.java:41)
	at Core.OpenAndCloseBrowser.getDriver(OpenAndCloseBrowser.java:41)
	at Core.OpenAndCloseBrowser.getDriver(OpenAndCloseBrowser.java:41)
	at Core.OpenAndCloseBrowser.getDriver(OpenAndCloseBrowser.java:41)
	at Core.OpenAndCloseBrowser.getDriver(OpenAndCloseBrowser.java:41)
	at Core.OpenAndCloseBrowser.getDriver(OpenAndCloseBrowser.java:41)
	at Core.OpenAndCloseBrowser.getDriver(OpenAndCloseBrowser.java:41)
	at Core.OpenAndCloseBrowser.getDriver(OpenAndCloseBrowser.java:41)
	at Core.OpenAndCloseBrowser.getDriver(OpenAndCloseBrowser.java:41)
	at Core.OpenAndCloseBrowser.getDriver(OpenAndCloseBrowser.java:41)
	at Core.OpenAndCloseBrowser.getDriver(OpenAndCloseBrowser.java:41)
	at Core.OpenAndCloseBrowser.getDriver(OpenAndCloseBrowser.java:41)
	at Core.OpenAndCloseBrowser.getDriver(OpenAndCloseBrowser.java:41)
	at Core.OpenAndCloseBrowser.getDriver(OpenAndCloseBrowser.java:41)
	at Core.OpenAndCloseBrowser.getDriver(OpenAndCloseBrowser.java:41)
	at Core.OpenAndCloseBrowser.getDriver(OpenAndCloseBrowser.java:41)
	at Core.OpenAndCloseBrowser.getDriver(OpenAndCloseBrowser.java:41)
	at Core.OpenAndCloseBrowser.getDriver(OpenAndCloseBrowser.java:41)
	at Core.OpenAndCloseBrowser.getDriver(OpenAndCloseBrowser.java:41)
	at Core.OpenAndCloseBrowser.getDriver(OpenAndCloseBrowser.java:41)
	at Core.OpenAndCloseBrowser.getDriver(OpenAndCloseBrowser.java:41)
	at Core.OpenAndCloseBrowser.getDriver(OpenAndCloseBrowser.java:41)
	at Core.OpenAndCloseBrowser.getDriver(OpenAndCloseBrowser.java:41)
	at Core.OpenAndCloseBrowser.getDriver(OpenAndCloseBrowser.java:41)
	at Core.OpenAndCloseBrowser.getDriver(OpenAndCloseBrowser.java:41)
	at Core.OpenAndCloseBrowser.getDriver(OpenAndCloseBrowser.java:41)
	at Core.OpenAndCloseBrowser.getDriver(OpenAndCloseBrowser.java:41)
	at Core.OpenAndCloseBrowser.getDriver(OpenAndCloseBrowser.java:41)
	at Core.OpenAndCloseBrowser.getDriver(OpenAndCloseBrowser.java:41)
	at Core.OpenAndCloseBrowser.getDriver(OpenAndCloseBrowser.java:41)
	at Core.OpenAndCloseBrowser.getDriver(OpenAndCloseBrowser.java:41)
	at Core.OpenAndCloseBrowser.getDriver(OpenAndCloseBrowser.java:41)
	at Core.OpenAndCloseBrowser.getDriver(OpenAndCloseBrowser.java:41)
	at Core.OpenAndCloseBrowser.getDriver(OpenAndCloseBrowser.java:41)
	at Core.OpenAndCloseBrowser.getDriver(OpenAndCloseBrowser.java:41)
	at Core.OpenAndCloseBrowser.getDriver(OpenAndCloseBrowser.java:41)
	at Core.OpenAndCloseBrowser.getDriver(OpenAndCloseBrowser.java:41)
	at Core.OpenAndCloseBrowser.getDriver(OpenAndCloseBrowser.java:41)
	at Core.OpenAndCloseBrowser.getDriver(OpenAndCloseBrowser.java:41)
	at Core.OpenAndCloseBrowser.getDriver(OpenAndCloseBrowser.java:41)
	at Core.OpenAndCloseBrowser.getDriver(OpenAndCloseBrowser.java:41)
	at Core.OpenAndCloseBrowser.getDriver(OpenAndCloseBrowser.java:41)
	at Core.OpenAndCloseBrowser.getDriver(OpenAndCloseBrowser.java:41)
	at Core.OpenAndCloseBrowser.getDriver(OpenAndCloseBrowser.java:41)
	at Core.OpenAndCloseBrowser.getDriver(OpenAndCloseBrowser.java:41)
	at Core.OpenAndCloseBrowser.getDriver(OpenAndCloseBrowser.java:41)
	at Core.OpenAndCloseBrowser.getDriver(OpenAndCloseBrowser.java:41)
	at Core.OpenAndCloseBrowser.getDriver(OpenAndCloseBrowser.java:41)
	at Core.OpenAndCloseBrowser.getDriver(OpenAndCloseBrowser.java:41)
	at Core.OpenAndCloseBrowser.getDriver(OpenAndCloseBrowser.java:41)
	at Core.OpenAndCloseBrowser.getDriver(OpenAndCloseBrowser.java:41)
	at Core.OpenAndCloseBrowser.getDriver(OpenAndCloseBrowser.java:41)
	at Core.OpenAndCloseBrowser.getDriver(OpenAndCloseBrowser.java:41)
	at Core.OpenAndCloseBrowser.getDriver(OpenAndCloseBrowser.java:41)
	at Core.OpenAndCloseBrowser.getDriver(OpenAndCloseBrowser.java:41)
	at Core.OpenAndCloseBrowser.getDriver(OpenAndCloseBrowser.java:41)
	at Core.OpenAndCloseBrowser.getDriver(OpenAndCloseBrowser.java:41)
	at Core.OpenAndCloseBrowser.getDriver(OpenAndCloseBrowser.java:41)
	at Core.OpenAndCloseBrowser.getDriver(OpenAndCloseBrowser.java:41)
	at Core.OpenAndCloseBrowser.getDriver(OpenAndCloseBrowser.java:41)
	at Core.OpenAndCloseBrowser.getDriver(OpenAndCloseBrowser.java:41)
	at Core.OpenAndCloseBrowser.getDriver(OpenAndCloseBrowser.java:41)
	at Core.OpenAndCloseBrowser.getDriver(OpenAndCloseBrowser.java:41)
	at Core.OpenAndCloseBrowser.getDriver(OpenAndCloseBrowser.java:41)
	at Core.OpenAndCloseBrowser.getDriver(OpenAndCloseBrowser.java:41)
	at Core.OpenAndCloseBrowser.getDriver(OpenAndCloseBrowser.java:41)
	at Core.OpenAndCloseBrowser.getDriver(OpenAndCloseBrowser.java:41)
	at Core.OpenAndCloseBrowser.getDriver(OpenAndCloseBrowser.java:41)
	at Core.OpenAndCloseBrowser.getDriver(OpenAndCloseBrowser.java:41)
	at Core.OpenAndCloseBrowser.getDriver(OpenAndCloseBrowser.java:41)
	at Core.OpenAndCloseBrowser.getDriver(OpenAndCloseBrowser.java:41)
	at Core.OpenAndCloseBrowser.getDriver(OpenAndCloseBrowser.java:41)
	at Core.OpenAndCloseBrowser.getDriver(OpenAndCloseBrowser.java:41)
	at Core.OpenAndCloseBrowser.getDriver(OpenAndCloseBrowser.java:41)
	at Core.OpenAndCloseBrowser.getDriver(OpenAndCloseBrowser.java:41)
	at Core.OpenAndCloseBrowser.getDriver(OpenAndCloseBrowser.java:41)
	at Core.OpenAndCloseBrowser.getDriver(OpenAndCloseBrowser.java:41)
	at Core.OpenAndCloseBrowser.getDriver(OpenAndCloseBrowser.java:41)
	at Core.OpenAndCloseBrowser.getDriver(OpenAndCloseBrowser.java:41)
	at Core.OpenAndCloseBrowser.getDriver(OpenAndCloseBrowser.java:41)
	at Core.OpenAndCloseBrowser.getDriver(OpenAndCloseBrowser.java:41)
	at Core.OpenAndCloseBrowser.getDriver(OpenAndCloseBrowser.java:41)
	at Core.OpenAndCloseBrowser.getDriver(OpenAndCloseBrowser.java:41)
	at Core.OpenAndCloseBrowser.getDriver(OpenAndCloseBrowser.java:41)
	at Core.OpenAndCloseBrowser.getDriver(OpenAndCloseBrowser.java:41)
	at Core.OpenAndCloseBrowser.getDriver(OpenAndCloseBrowser.java:41)
	at Core.OpenAndCloseBrowser.getDriver(OpenAndCloseBrowser.java:41)
	at Core.OpenAndCloseBrowser.getDriver(OpenAndCloseBrowser.java:41)
	at Core.OpenAndCloseBrowser.getDriver(OpenAndCloseBrowser.java:41)
	at Core.OpenAndCloseBrowser.getDriver(OpenAndCloseBrowser.java:41)
	at Core.OpenAndCloseBrowser.getDriver(OpenAndCloseBrowser.java:41)
	at Core.OpenAndCloseBrowser.getDriver(OpenAndCloseBrowser.java:41)
	at Core.OpenAndCloseBrowser.getDriver(OpenAndCloseBrowser.java:41)
	at Core.OpenAndCloseBrowser.getDriver(OpenAndCloseBrowser.java:41)
	at Core.OpenAndCloseBrowser.getDriver(OpenAndCloseBrowser.java:41)
	at Core.OpenAndCloseBrowser.getDriver(OpenAndCloseBrowser.java:41)
	at Core.OpenAndCloseBrowser.getDriver(OpenAndCloseBrowser.java:41)
	at Core.OpenAndCloseBrowser.getDriver(OpenAndCloseBrowser.java:41)
	at Core.OpenAndCloseBrowser.getDriver(OpenAndCloseBrowser.java:41)
	at Core.OpenAndCloseBrowser.getDriver(OpenAndCloseBrowser.java:41)
	at Core.OpenAndCloseBrowser.getDriver(OpenAndCloseBrowser.java:41)
	at Core.OpenAndCloseBrowser.getDriver(OpenAndCloseBrowser.java:41)
	at Core.OpenAndCloseBrowser.getDriver(OpenAndCloseBrowser.java:41)
	at Core.OpenAndCloseBrowser.getDriver(OpenAndCloseBrowser.java:41)
	at Core.OpenAndCloseBrowser.getDriver(OpenAndCloseBrowser.java:41)
	at Core.OpenAndCloseBrowser.getDriver(OpenAndCloseBrowser.java:41)
	at Core.OpenAndCloseBrowser.getDriver(OpenAndCloseBrowser.java:41)
	at Core.OpenAndCloseBrowser.getDriver(OpenAndCloseBrowser.java:41)
	at Core.OpenAndCloseBrowser.getDriver(OpenAndCloseBrowser.java:41)
	at Core.OpenAndCloseBrowser.getDriver(OpenAndCloseBrowser.java:41)
	at Core.OpenAndCloseBrowser.getDriver(OpenAndCloseBrowser.java:41)
	at Core.OpenAndCloseBrowser.getDriver(OpenAndCloseBrowser.java:41)
	at Core.OpenAndCloseBrowser.getDriver(OpenAndCloseBrowser.java:41)
	at Core.OpenAndCloseBrowser.getDriver(OpenAndCloseBrowser.java:41)
	at Core.OpenAndCloseBrowser.getDriver(OpenAndCloseBrowser.java:41)
	at Core.OpenAndCloseBrowser.getDriver(OpenAndCloseBrowser.java:41)
	at Core.OpenAndCloseBrowser.getDriver(OpenAndCloseBrowser.java:41)
	at Core.OpenAndCloseBrowser.getDriver(OpenAndCloseBrowser.java:41)
	at Core.OpenAndCloseBrowser.getDriver(OpenAndCloseBrowser.java:41)
	at Core.OpenAndCloseBrowser.getDriver(OpenAndCloseBrowser.java:41)
	at Core.OpenAndCloseBrowser.getDriver(OpenAndCloseBrowser.java:41)
	at Core.OpenAndCloseBrowser.getDriver(OpenAndCloseBrowser.java:41)
	at Core.OpenAndCloseBrowser.getDriver(OpenAndCloseBrowser.java:41)
	at Core.OpenAndCloseBrowser.getDriver(OpenAndCloseBrowser.java:41)
	at Core.OpenAndCloseBrowser.getDriver(OpenAndCloseBrowser.java:41)
	at Core.OpenAndCloseBrowser.getDriver(OpenAndCloseBrowser.java:41)
	at Core.OpenAndCloseBrowser.getDriver(OpenAndCloseBrowser.java:41)
	at Core.OpenAndCloseBrowser.getDriver(OpenAndCloseBrowser.java:41)
	at Core.OpenAndCloseBrowser.getDriver(OpenAndCloseBrowser.java:41)
	at Core.OpenAndCloseBrowser.getDriver(OpenAndCloseBrowser.java:41)
	at Core.OpenAndCloseBrowser.getDriver(OpenAndCloseBrowser.java:41)
	at Core.OpenAndCloseBrowser.getDriver(OpenAndCloseBrowser.java:41)
	at Core.OpenAndCloseBrowser.getDriver(OpenAndCloseBrowser.java:41)
	at Core.OpenAndCloseBrowser.getDriver(OpenAndCloseBrowser.java:41)
	at Core.OpenAndCloseBrowser.getDriver(OpenAndCloseBrowser.java:41)
	at Core.OpenAndCloseBrowser.getDriver(OpenAndCloseBrowser.java:41)
	at Core.OpenAndCloseBrowser.getDriver(OpenAndCloseBrowser.java:41)
	at Core.OpenAndCloseBrowser.getDriver(OpenAndCloseBrowser.java:41)
	at Core.OpenAndCloseBrowser.getDriver(OpenAndCloseBrowser.java:41)
	at Core.OpenAndCloseBrowser.getDriver(OpenAndCloseBrowser.java:41)
	at Core.OpenAndCloseBrowser.getDriver(OpenAndCloseBrowser.java:41)
	at Core.OpenAndCloseBrowser.getDriver(OpenAndCloseBrowser.java:41)
	at Core.OpenAndCloseBrowser.getDriver(OpenAndCloseBrowser.java:41)
	at Core.OpenAndCloseBrowser.getDriver(OpenAndCloseBrowser.java:41)
	at Core.OpenAndCloseBrowser.getDriver(OpenAndCloseBrowser.java:41)
	at Core.OpenAndCloseBrowser.getDriver(OpenAndCloseBrowser.java:41)
	at Core.OpenAndCloseBrowser.getDriver(OpenAndCloseBrowser.java:41)
	at Core.OpenAndCloseBrowser.getDriver(OpenAndCloseBrowser.java:41)
	at Core.OpenAndCloseBrowser.getDriver(OpenAndCloseBrowser.java:41)
	at Core.OpenAndCloseBrowser.getDriver(OpenAndCloseBrowser.java:41)
	at Core.OpenAndCloseBrowser.getDriver(OpenAndCloseBrowser.java:41)
	at Core.OpenAndCloseBrowser.getDriver(OpenAndCloseBrowser.java:41)
	at Core.OpenAndCloseBrowser.getDriver(OpenAndCloseBrowser.java:41)
	at Core.OpenAndCloseBrowser.getDriver(OpenAndCloseBrowser.java:41)
	at Core.OpenAndCloseBrowser.getDriver(OpenAndCloseBrowser.java:41)
	at Core.OpenAndCloseBrowser.getDriver(OpenAndCloseBrowser.java:41)
	at Core.OpenAndCloseBrowser.getDriver(OpenAndCloseBrowser.java:41)
	at Core.OpenAndCloseBrowser.getDriver(OpenAndCloseBrowser.java:41)
	at Core.OpenAndCloseBrowser.getDriver(OpenAndCloseBrowser.java:41)
	at Core.OpenAndCloseBrowser.getDriver(OpenAndCloseBrowser.java:41)
	at Core.OpenAndCloseBrowser.getDriver(OpenAndCloseBrowser.java:41)
	at Core.OpenAndCloseBrowser.getDriver(OpenAndCloseBrowser.java:41)
	at Core.OpenAndCloseBrowser.getDriver(OpenAndCloseBrowser.java:41)
	at Core.OpenAndCloseBrowser.getDriver(OpenAndCloseBrowser.java:41)
	at Core.OpenAndCloseBrowser.getDriver(OpenAndCloseBrowser.java:41)
	at Core.OpenAndCloseBrowser.getDriver(OpenAndCloseBrowser.java:41)
	at Core.OpenAndCloseBrowser.getDriver(OpenAndCloseBrowser.java:41)
	at Core.OpenAndCloseBrowser.getDriver(OpenAndCloseBrowser.java:41)
	at Core.OpenAndCloseBrowser.getDriver(OpenAndCloseBrowser.java:41)
	at Core.OpenAndCloseBrowser.getDriver(OpenAndCloseBrowser.java:41)
	at Core.OpenAndCloseBrowser.getDriver(OpenAndCloseBrowser.java:41)
	at Core.OpenAndCloseBrowser.getDriver(OpenAndCloseBrowser.java:41)
	at Core.OpenAndCloseBrowser.getDriver(OpenAndCloseBrowser.java:41)
	at Core.OpenAndCloseBrowser.getDriver(OpenAndCloseBrowser.java:41)
	at Core.OpenAndCloseBrowser.getDriver(OpenAndCloseBrowser.java:41)
	at Core.OpenAndCloseBrowser.getDriver(OpenAndCloseBrowser.java:41)
	at Core.OpenAndCloseBrowser.getDriver(OpenAndCloseBrowser.java:41)
	at Core.OpenAndCloseBrowser.getDriver(OpenAndCloseBrowser.java:41)
	at Core.OpenAndCloseBrowser.getDriver(OpenAndCloseBrowser.java:41)
	at Core.OpenAndCloseBrowser.getDriver(OpenAndCloseBrowser.java:41)
	at Core.OpenAndCloseBrowser.getDriver(OpenAndCloseBrowser.java:41)
	at Core.OpenAndCloseBrowser.getDriver(OpenAndCloseBrowser.java:41)
	at Core.OpenAndCloseBrowser.getDriver(OpenAndCloseBrowser.java:41)
	at Core.OpenAndCloseBrowser.getDriver(OpenAndCloseBrowser.java:41)
	at Core.OpenAndCloseBrowser.getDriver(OpenAndCloseBrowser.java:41)
	at Core.OpenAndCloseBrowser.getDriver(OpenAndCloseBrowser.java:41)
	at Core.OpenAndCloseBrowser.getDriver(OpenAndCloseBrowser.java:41)
	at Core.OpenAndCloseBrowser.getDriver(OpenAndCloseBrowser.java:41)
	at Core.OpenAndCloseBrowser.getDriver(OpenAndCloseBrowser.java:41)
	at Core.OpenAndCloseBrowser.getDriver(OpenAndCloseBrowser.java:41)
	at Core.OpenAndCloseBrowser.getDriver(OpenAndCloseBrowser.java:41)
	at Core.OpenAndCloseBrowser.getDriver(OpenAndCloseBrowser.java:41)
	at Core.OpenAndCloseBrowser.getDriver(OpenAndCloseBrowser.java:41)
	at Core.OpenAndCloseBrowser.getDriver(OpenAndCloseBrowser.java:41)
	at Core.OpenAndCloseBrowser.getDriver(OpenAndCloseBrowser.java:41)
	at Core.OpenAndCloseBrowser.getDriver(OpenAndCloseBrowser.java:41)
	at Core.OpenAndCloseBrowser.getDriver(OpenAndCloseBrowser.java:41)
	at Core.OpenAndCloseBrowser.getDriver(OpenAndCloseBrowser.java:41)
	at Core.OpenAndCloseBrowser.getDriver(OpenAndCloseBrowser.java:41)
	at Core.OpenAndCloseBrowser.getDriver(OpenAndCloseBrowser.java:41)
	at Core.OpenAndCloseBrowser.getDriver(OpenAndCloseBrowser.java:41)
	at Core.OpenAndCloseBrowser.getDriver(OpenAndCloseBrowser.java:41)
	at Core.OpenAndCloseBrowser.getDriver(OpenAndCloseBrowser.java:41)
	at Core.OpenAndCloseBrowser.getDriver(OpenAndCloseBrowser.java:41)
	at Core.OpenAndCloseBrowser.getDriver(OpenAndCloseBrowser.java:41)
	at Core.OpenAndCloseBrowser.getDriver(OpenAndCloseBrowser.java:41)
	at Core.OpenAndCloseBrowser.getDriver(OpenAndCloseBrowser.java:41)
	at Core.OpenAndCloseBrowser.getDriver(OpenAndCloseBrowser.java:41)
	at Core.OpenAndCloseBrowser.getDriver(OpenAndCloseBrowser.java:41)
	at Core.OpenAndCloseBrowser.getDriver(OpenAndCloseBrowser.java:41)
	at Core.OpenAndCloseBrowser.getDriver(OpenAndCloseBrowser.java:41)
	at Core.OpenAndCloseBrowser.getDriver(OpenAndCloseBrowser.java:41)
	at Core.OpenAndCloseBrowser.getDriver(OpenAndCloseBrowser.java:41)
	at Core.OpenAndCloseBrowser.getDriver(OpenAndCloseBrowser.java:41)
	at Core.OpenAndCloseBrowser.getDriver(OpenAndCloseBrowser.java:41)
	at Core.OpenAndCloseBrowser.getDriver(OpenAndCloseBrowser.java:41)
	at Core.OpenAndCloseBrowser.getDriver(OpenAndCloseBrowser.java:41)
	at Core.OpenAndCloseBrowser.getDriver(OpenAndCloseBrowser.java:41)
	at Core.OpenAndCloseBrowser.getDriver(OpenAndCloseBrowser.java:41)
	at Core.OpenAndCloseBrowser.getDriver(OpenAndCloseBrowser.java:41)
	at Core.OpenAndCloseBrowser.getDriver(OpenAndCloseBrowser.java:41)
	at Core.OpenAndCloseBrowser.getDriver(OpenAndCloseBrowser.java:41)
	at Core.OpenAndCloseBrowser.getDriver(OpenAndCloseBrowser.java:41)
	at Core.OpenAndCloseBrowser.getDriver(OpenAndCloseBrowser.java:41)
	at Core.OpenAndCloseBrowser.getDriver(OpenAndCloseBrowser.java:41)
	at Core.OpenAndCloseBrowser.getDriver(OpenAndCloseBrowser.java:41)
	at Core.OpenAndCloseBrowser.getDriver(OpenAndCloseBrowser.java:41)
	at Core.OpenAndCloseBrowser.getDriver(OpenAndCloseBrowser.java:41)
	at Core.OpenAndCloseBrowser.getDriver(OpenAndCloseBrowser.java:41)
	at Core.OpenAndCloseBrowser.getDriver(OpenAndCloseBrowser.java:41)
	at Core.OpenAndCloseBrowser.getDriver(OpenAndCloseBrowser.java:41)
	at Core.OpenAndCloseBrowser.getDriver(OpenAndCloseBrowser.java:41)
	at Core.OpenAndCloseBrowser.getDriver(OpenAndCloseBrowser.java:41)
	at Core.OpenAndCloseBrowser.getDriver(OpenAndCloseBrowser.java:41)
	at Core.OpenAndCloseBrowser.getDriver(OpenAndCloseBrowser.java:41)
	at Core.OpenAndCloseBrowser.getDriver(OpenAndCloseBrowser.java:41)
	at Core.OpenAndCloseBrowser.getDriver(OpenAndCloseBrowser.java:41)
	at Core.OpenAndCloseBrowser.getDriver(OpenAndCloseBrowser.java:41)
	at Core.OpenAndCloseBrowser.getDriver(OpenAndCloseBrowser.java:41)
	at Core.OpenAndCloseBrowser.getDriver(OpenAndCloseBrowser.java:41)
	at Core.OpenAndCloseBrowser.getDriver(OpenAndCloseBrowser.java:41)
	at Core.OpenAndCloseBrowser.getDriver(OpenAndCloseBrowser.java:41)
	at Core.OpenAndCloseBrowser.getDriver(OpenAndCloseBrowser.java:41)
	at Core.OpenAndCloseBrowser.getDriver(OpenAndCloseBrowser.java:41)
	at Core.OpenAndCloseBrowser.getDriver(OpenAndCloseBrowser.java:41)
	at Core.OpenAndCloseBrowser.getDriver(OpenAndCloseBrowser.java:41)
	at Core.OpenAndCloseBrowser.getDriver(OpenAndCloseBrowser.java:41)
	at Core.OpenAndCloseBrowser.getDriver(OpenAndCloseBrowser.java:41)
	at Core.OpenAndCloseBrowser.getDriver(OpenAndCloseBrowser.java:41)
	at Core.OpenAndCloseBrowser.getDriver(OpenAndCloseBrowser.java:41)
	at Core.OpenAndCloseBrowser.getDriver(OpenAndCloseBrowser.java:41)
	at Core.OpenAndCloseBrowser.getDriver(OpenAndCloseBrowser.java:41)
	at Core.OpenAndCloseBrowser.getDriver(OpenAndCloseBrowser.java:41)
	at Core.OpenAndCloseBrowser.getDriver(OpenAndCloseBrowser.java:41)
	at Core.OpenAndCloseBrowser.getDriver(OpenAndCloseBrowser.java:41)
	at Core.OpenAndCloseBrowser.getDriver(OpenAndCloseBrowser.java:41)
	at Core.OpenAndCloseBrowser.getDriver(OpenAndCloseBrowser.java:41)
	at Core.OpenAndCloseBrowser.getDriver(OpenAndCloseBrowser.java:41)
	at Core.OpenAndCloseBrowser.getDriver(OpenAndCloseBrowser.java:41)
	at Core.OpenAndCloseBrowser.getDriver(OpenAndCloseBrowser.java:41)
	at Core.OpenAndCloseBrowser.getDriver(OpenAndCloseBrowser.java:41)
	at Core.OpenAndCloseBrowser.getDriver(OpenAndCloseBrowser.java:41)
	at Core.OpenAndCloseBrowser.getDriver(OpenAndCloseBrowser.java:41)
	at Core.OpenAndCloseBrowser.getDriver(OpenAndCloseBrowser.java:41)
	at Core.OpenAndCloseBrowser.getDriver(OpenAndCloseBrowser.java:41)
	at Core.OpenAndCloseBrowser.getDriver(OpenAndCloseBrowser.java:41)
	at Core.OpenAndCloseBrowser.getDriver(OpenAndCloseBrowser.java:41)
	at Core.OpenAndCloseBrowser.getDriver(OpenAndCloseBrowser.java:41)
	at Core.OpenAndCloseBrowser.getDriver(OpenAndCloseBrowser.java:41)
	at Core.OpenAndCloseBrowser.getDriver(OpenAndCloseBrowser.java:41)
	at Core.OpenAndCloseBrowser.getDriver(OpenAndCloseBrowser.java:41)
	at Core.OpenAndCloseBrowser.getDriver(OpenAndCloseBrowser.java:41)
	at Core.OpenAndCloseBrowser.getDriver(OpenAndCloseBrowser.java:41)
	at Core.OpenAndCloseBrowser.getDriver(OpenAndCloseBrowser.java:41)
	at Core.OpenAndCloseBrowser.getDriver(OpenAndCloseBrowser.java:41)
	at Core.OpenAndCloseBrowser.getDriver(OpenAndCloseBrowser.java:41)
	at Core.OpenAndCloseBrowser.getDriver(OpenAndCloseBrowser.java:41)
	at Core.OpenAndCloseBrowser.getDriver(OpenAndCloseBrowser.java:41)
	at Core.OpenAndCloseBrowser.getDriver(OpenAndCloseBrowser.java:41)
	at Core.OpenAndCloseBrowser.getDriver(OpenAndCloseBrowser.java:41)
	at Core.OpenAndCloseBrowser.getDriver(OpenAndCloseBrowser.java:41)
	at Core.OpenAndCloseBrowser.getDriver(OpenAndCloseBrowser.java:41)
	at Core.OpenAndCloseBrowser.getDriver(OpenAndCloseBrowser.java:41)
	at Core.OpenAndCloseBrowser.getDriver(OpenAndCloseBrowser.java:41)
	at Core.OpenAndCloseBrowser.getDriver(OpenAndCloseBrowser.java:41)
	at Core.OpenAndCloseBrowser.getDriver(OpenAndCloseBrowser.java:41)
	at Core.OpenAndCloseBrowser.getDriver(OpenAndCloseBrowser.java:41)
	at Core.OpenAndCloseBrowser.getDriver(OpenAndCloseBrowser.java:41)
	at Core.OpenAndCloseBrowser.getDriver(OpenAndCloseBrowser.java:41)
	at Core.OpenAndCloseBrowser.getDriver(OpenAndCloseBrowser.java:41)
	at Core.OpenAndCloseBrowser.getDriver(OpenAndCloseBrowser.java:41)
	at Core.OpenAndCloseBrowser.getDriver(OpenAndCloseBrowser.java:41)
	at Core.OpenAndCloseBrowser.getDriver(OpenAndCloseBrowser.java:41)
	at Core.OpenAndCloseBrowser.getDriver(OpenAndCloseBrowser.java:41)
	at Core.OpenAndCloseBrowser.getDriver(OpenAndCloseBrowser.java:41)
	at Core.OpenAndCloseBrowser.getDriver(OpenAndCloseBrowser.java:41)
	at Core.OpenAndCloseBrowser.getDriver(OpenAndCloseBrowser.java:41)
	at Core.OpenAndCloseBrowser.getDriver(OpenAndCloseBrowser.java:41)
	at Core.OpenAndCloseBrowser.getDriver(OpenAndCloseBrowser.java:41)
	at Core.OpenAndCloseBrowser.getDriver(OpenAndCloseBrowser.java:41)
	at Core.OpenAndCloseBrowser.getDriver(OpenAndCloseBrowser.java:41)
	at Core.OpenAndCloseBrowser.getDriver(OpenAndCloseBrowser.java:41)
	at Core.OpenAndCloseBrowser.getDriver(OpenAndCloseBrowser.java:41)
	at Core.OpenAndCloseBrowser.getDriver(OpenAndCloseBrowser.java:41)
	at Core.OpenAndCloseBrowser.getDriver(OpenAndCloseBrowser.java:41)
	at Core.OpenAndCloseBrowser.getDriver(OpenAndCloseBrowser.java:41)
	at Core.OpenAndCloseBrowser.getDriver(OpenAndCloseBrowser.java:41)
	at Core.OpenAndCloseBrowser.getDriver(OpenAndCloseBrowser.java:41)
	at Core.OpenAndCloseBrowser.getDriver(OpenAndCloseBrowser.java:41)
	at Core.OpenAndCloseBrowser.getDriver(OpenAndCloseBrowser.java:41)
	at Core.OpenAndCloseBrowser.getDriver(OpenAndCloseBrowser.java:41)
	at Core.OpenAndCloseBrowser.getDriver(OpenAndCloseBrowser.java:41)
	at Core.OpenAndCloseBrowser.getDriver(OpenAndCloseBrowser.java:41)
	at Core.OpenAndCloseBrowser.getDriver(OpenAndCloseBrowser.java:41)
	at Core.OpenAndCloseBrowser.getDriver(OpenAndCloseBrowser.java:41)
	at Core.OpenAndCloseBrowser.getDriver(OpenAndCloseBrowser.java:41)
	at Core.OpenAndCloseBrowser.getDriver(OpenAndCloseBrowser.java:41)
	at Core.OpenAndCloseBrowser.getDriver(OpenAndCloseBrowser.java:41)
	at Core.OpenAndCloseBrowser.getDriver(OpenAndCloseBrowser.java:41)
	at Core.OpenAndCloseBrowser.getDriver(OpenAndCloseBrowser.java:41)
	at Core.OpenAndCloseBrowser.getDriver(OpenAndCloseBrowser.java:41)
	at Core.OpenAndCloseBrowser.getDriver(OpenAndCloseBrowser.java:41)
	at Core.OpenAndCloseBrowser.getDriver(OpenAndCloseBrowser.java:41)
	at Core.OpenAndCloseBrowser.getDriver(OpenAndCloseBrowser.java:41)
	at Core.OpenAndCloseBrowser.getDriver(OpenAndCloseBrowser.java:41)
	at Core.OpenAndCloseBrowser.getDriver(OpenAndCloseBrowser.java:41)
	at Core.OpenAndCloseBrowser.getDriver(OpenAndCloseBrowser.java:41)
	at Core.OpenAndCloseBrowser.getDriver(OpenAndCloseBrowser.java:41)
	at Core.OpenAndCloseBrowser.getDriver(OpenAndCloseBrowser.java:41)
	at Core.OpenAndCloseBrowser.getDriver(OpenAndCloseBrowser.java:41)
	at Core.OpenAndCloseBrowser.getDriver(OpenAndCloseBrowser.java:41)
	at Core.OpenAndCloseBrowser.getDriver(OpenAndCloseBrowser.java:41)
	at Core.OpenAndCloseBrowser.getDriver(OpenAndCloseBrowser.java:41)
	at Core.OpenAndCloseBrowser.getDriver(OpenAndCloseBrowser.java:41)
	at Core.OpenAndCloseBrowser.getDriver(OpenAndCloseBrowser.java:41)
	at Core.OpenAndCloseBrowser.getDriver(OpenAndCloseBrowser.java:41)
	at Core.OpenAndCloseBrowser.getDriver(OpenAndCloseBrowser.java:41)
	at Core.OpenAndCloseBrowser.getDriver(OpenAndCloseBrowser.java:41)
	at Core.OpenAndCloseBrowser.getDriver(OpenAndCloseBrowser.java:41)
	at Core.OpenAndCloseBrowser.getDriver(OpenAndCloseBrowser.java:41)
	at Core.OpenAndCloseBrowser.getDriver(OpenAndCloseBrowser.java:41)
	at Core.OpenAndCloseBrowser.getDriver(OpenAndCloseBrowser.java:41)
	at Core.OpenAndCloseBrowser.getDriver(OpenAndCloseBrowser.java:41)
	at Core.OpenAndCloseBrowser.getDriver(OpenAndCloseBrowser.java:41)
	at Core.OpenAndCloseBrowser.getDriver(OpenAndCloseBrowser.java:41)
	at Core.OpenAndCloseBrowser.getDriver(OpenAndCloseBrowser.java:41)
	at Core.OpenAndCloseBrowser.getDriver(OpenAndCloseBrowser.java:41)
	at Core.OpenAndCloseBrowser.getDriver(OpenAndCloseBrowser.java:41)
	at Core.OpenAndCloseBrowser.getDriver(OpenAndCloseBrowser.java:41)
	at Core.OpenAndCloseBrowser.getDriver(OpenAndCloseBrowser.java:41)
	at Core.OpenAndCloseBrowser.getDriver(OpenAndCloseBrowser.java:41)
	at Core.OpenAndCloseBrowser.getDriver(OpenAndCloseBrowser.java:41)
	at Core.OpenAndCloseBrowser.getDriver(OpenAndCloseBrowser.java:41)
	at Core.OpenAndCloseBrowser.getDriver(OpenAndCloseBrowser.java:41)
	at Core.OpenAndCloseBrowser.getDriver(OpenAndCloseBrowser.java:41)
	at Core.OpenAndCloseBrowser.getDriver(OpenAndCloseBrowser.java:41)
	at Core.OpenAndCloseBrowser.getDriver(OpenAndCloseBrowser.java:41)
	at Core.OpenAndCloseBrowser.getDriver(OpenAndCloseBrowser.java:41)
	at Core.OpenAndCloseBrowser.getDriver(OpenAndCloseBrowser.java:41)
	at Core.OpenAndCloseBrowser.getDriver(OpenAndCloseBrowser.java:41)
	at Core.OpenAndCloseBrowser.getDriver(OpenAndCloseBrowser.java:41)
	at Core.OpenAndCloseBrowser.getDriver(OpenAndCloseBrowser.java:41)
	at Core.OpenAndCloseBrowser.getDriver(OpenAndCloseBrowser.java:41)
	at Core.OpenAndCloseBrowser.getDriver(OpenAndCloseBrowser.java:41)
	at Core.OpenAndCloseBrowser.getDriver(OpenAndCloseBrowser.java:41)
	at Core.OpenAndCloseBrowser.getDriver(OpenAndCloseBrowser.java:41)
	at Core.OpenAndCloseBrowser.getDriver(OpenAndCloseBrowser.java:41)
	at Core.OpenAndCloseBrowser.getDriver(OpenAndCloseBrowser.java:41)
	at Core.OpenAndCloseBrowser.getDriver(OpenAndCloseBrowser.java:41)
	at Core.OpenAndCloseBrowser.getDriver(OpenAndCloseBrowser.java:41)
	at Core.OpenAndCloseBrowser.getDriver(OpenAndCloseBrowser.java:41)
	at Core.OpenAndCloseBrowser.getDriver(OpenAndCloseBrowser.java:41)
	at Core.OpenAndCloseBrowser.getDriver(OpenAndCloseBrowser.java:41)
	at Core.OpenAndCloseBrowser.getDriver(OpenAndCloseBrowser.java:41)
	at Core.OpenAndCloseBrowser.getDriver(OpenAndCloseBrowser.java:41)
	at Core.OpenAndCloseBrowser.getDriver(OpenAndCloseBrowser.java:41)
	at Core.OpenAndCloseBrowser.getDriver(OpenAndCloseBrowser.java:41)
	at Core.OpenAndCloseBrowser.getDriver(OpenAndCloseBrowser.java:41)
	at Core.OpenAndCloseBrowser.getDriver(OpenAndCloseBrowser.java:41)
	at Core.OpenAndCloseBrowser.getDriver(OpenAndCloseBrowser.java:41)
	at Core.OpenAndCloseBrowser.getDriver(OpenAndCloseBrowser.java:41)
	at Core.OpenAndCloseBrowser.getDriver(OpenAndCloseBrowser.java:41)
	at Core.OpenAndCloseBrowser.getDriver(OpenAndCloseBrowser.java:41)
	at Core.OpenAndCloseBrowser.getDriver(OpenAndCloseBrowser.java:41)
	at Core.OpenAndCloseBrowser.getDriver(OpenAndCloseBrowser.java:41)
	at Core.OpenAndCloseBrowser.getDriver(OpenAndCloseBrowser.java:41)
	at Core.OpenAndCloseBrowser.getDriver(OpenAndCloseBrowser.java:41)
	at Core.OpenAndCloseBrowser.getDriver(OpenAndCloseBrowser.java:41)
	at Core.OpenAndCloseBrowser.getDriver(OpenAndCloseBrowser.java:41)
	at Core.OpenAndCloseBrowser.getDriver(OpenAndCloseBrowser.java:41)
	at Core.OpenAndCloseBrowser.getDriver(OpenAndCloseBrowser.java:41)
	at Core.OpenAndCloseBrowser.getDriver(OpenAndCloseBrowser.java:41)
	at Core.OpenAndCloseBrowser.getDriver(OpenAndCloseBrowser.java:41)
	at Core.OpenAndCloseBrowser.getDriver(OpenAndCloseBrowser.java:41)
	at Core.OpenAndCloseBrowser.getDriver(OpenAndCloseBrowser.java:41)
	at Core.OpenAndCloseBrowser.getDriver(OpenAndCloseBrowser.java:41)
	at Core.OpenAndCloseBrowser.getDriver(OpenAndCloseBrowser.java:41)
	at Core.OpenAndCloseBrowser.getDriver(OpenAndCloseBrowser.java:41)
	at Core.OpenAndCloseBrowser.getDriver(OpenAndCloseBrowser.java:41)
	at Core.OpenAndCloseBrowser.getDriver(OpenAndCloseBrowser.java:41)
	at Core.OpenAndCloseBrowser.getDriver(OpenAndCloseBrowser.java:41)
	at Core.OpenAndCloseBrowser.getDriver(OpenAndCloseBrowser.java:41)
	at Core.OpenAndCloseBrowser.getDriver(OpenAndCloseBrowser.java:41)
	at Core.OpenAndCloseBrowser.getDriver(OpenAndCloseBrowser.java:41)
	at Core.OpenAndCloseBrowser.getDriver(OpenAndCloseBrowser.java:41)
	at Core.OpenAndCloseBrowser.getDriver(OpenAndCloseBrowser.java:41)
	at Core.OpenAndCloseBrowser.getDriver(OpenAndCloseBrowser.java:41)
	at Core.OpenAndCloseBrowser.getDriver(OpenAndCloseBrowser.java:41)
	at Core.OpenAndCloseBrowser.getDriver(OpenAndCloseBrowser.java:41)
	at Core.OpenAndCloseBrowser.getDriver(OpenAndCloseBrowser.java:41)
	at Core.OpenAndCloseBrowser.getDriver(OpenAndCloseBrowser.java:41)
	at Core.OpenAndCloseBrowser.getDriver(OpenAndCloseBrowser.java:41)
	at Core.OpenAndCloseBrowser.getDriver(OpenAndCloseBrowser.java:41)
	at Core.OpenAndCloseBrowser.getDriver(OpenAndCloseBrowser.java:41)
	at Core.OpenAndCloseBrowser.getDriver(OpenAndCloseBrowser.java:41)
	at Core.OpenAndCloseBrowser.getDriver(OpenAndCloseBrowser.java:41)
	at Core.OpenAndCloseBrowser.getDriver(OpenAndCloseBrowser.java:41)
	at Core.OpenAndCloseBrowser.getDriver(OpenAndCloseBrowser.java:41)
	at Core.OpenAndCloseBrowser.getDriver(OpenAndCloseBrowser.java:41)
	at Core.OpenAndCloseBrowser.getDriver(OpenAndCloseBrowser.java:41)
	at Core.OpenAndCloseBrowser.getDriver(OpenAndCloseBrowser.java:41)
	at Core.OpenAndCloseBrowser.getDriver(OpenAndCloseBrowser.java:41)
	at Core.OpenAndCloseBrowser.getDriver(OpenAndCloseBrowser.java:41)
	at Core.OpenAndCloseBrowser.getDriver(OpenAndCloseBrowser.java:41)
	at Core.OpenAndCloseBrowser.getDriver(OpenAndCloseBrowser.java:41)
	at Core.OpenAndCloseBrowser.getDriver(OpenAndCloseBrowser.java:41)
	at Core.OpenAndCloseBrowser.getDriver(OpenAndCloseBrowser.java:41)
	at Core.OpenAndCloseBrowser.getDriver(OpenAndCloseBrowser.java:41)
	at Core.OpenAndCloseBrowser.getDriver(OpenAndCloseBrowser.java:41)
	at Core.OpenAndCloseBrowser.getDriver(OpenAndCloseBrowser.java:41)
	at Core.OpenAndCloseBrowser.getDriver(OpenAndCloseBrowser.java:41)
	at Core.OpenAndCloseBrowser.getDriver(OpenAndCloseBrowser.java:41)
	at Core.OpenAndCloseBrowser.getDriver(OpenAndCloseBrowser.java:41)
	at Core.OpenAndCloseBrowser.getDriver(OpenAndCloseBrowser.java:41)
	at Core.OpenAndCloseBrowser.getDriver(OpenAndCloseBrowser.java:41)
	at Core.OpenAndCloseBrowser.getDriver(OpenAndCloseBrowser.java:41)
	at Core.OpenAndCloseBrowser.getDriver(OpenAndCloseBrowser.java:41)
	at Core.OpenAndCloseBrowser.getDriver(OpenAndCloseBrowser.java:41)
	at Core.OpenAndCloseBrowser.getDriver(OpenAndCloseBrowser.java:41)
	at Core.OpenAndCloseBrowser.getDriver(OpenAndCloseBrowser.java:41)
	at Core.OpenAndCloseBrowser.getDriver(OpenAndCloseBrowser.java:41)
	at Core.OpenAndCloseBrowser.getDriver(OpenAndCloseBrowser.java:41)
	at Core.OpenAndCloseBrowser.getDriver(OpenAndCloseBrowser.java:41)
	at Core.OpenAndCloseBrowser.getDriver(OpenAndCloseBrowser.java:41)
	at Core.OpenAndCloseBrowser.getDriver(OpenAndCloseBrowser.java:41)
	at Core.OpenAndCloseBrowser.getDriver(OpenAndCloseBrowser.java:41)
	at Core.OpenAndCloseBrowser.getDriver(OpenAndCloseBrowser.java:41)
	at Core.OpenAndCloseBrowser.getDriver(OpenAndCloseBrowser.java:41)
	at Core.OpenAndCloseBrowser.getDriver(OpenAndCloseBrowser.java:41)
	at Core.OpenAndCloseBrowser.getDriver(OpenAndCloseBrowser.java:41)
	at Core.OpenAndCloseBrowser.getDriver(OpenAndCloseBrowser.java:41)
	at Core.OpenAndCloseBrowser.getDriver(OpenAndCloseBrowser.java:41)
	at Core.OpenAndCloseBrowser.getDriver(OpenAndCloseBrowser.java:41)
	at Core.OpenAndCloseBrowser.getDriver(OpenAndCloseBrowser.java:41)
	at Core.OpenAndCloseBrowser.getDriver(OpenAndCloseBrowser.java:41)
	at Core.OpenAndCloseBrowser.getDriver(OpenAndCloseBrowser.java:41)
	at Core.OpenAndCloseBrowser.getDriver(OpenAndCloseBrowser.java:41)
	at Core.OpenAndCloseBrowser.getDriver(OpenAndCloseBrowser.java:41)
	at Core.OpenAndCloseBrowser.getDriver(OpenAndCloseBrowser.java:41)
	at Core.OpenAndCloseBrowser.getDriver(OpenAndCloseBrowser.java:41)
	at Core.OpenAndCloseBrowser.getDriver(OpenAndCloseBrowser.java:41)
	at Core.OpenAndCloseBrowser.getDriver(OpenAndCloseBrowser.java:41)
	at Core.OpenAndCloseBrowser.getDriver(OpenAndCloseBrowser.java:41)
	at Core.OpenAndCloseBrowser.getDriver(OpenAndCloseBrowser.java:41)
	at Core.OpenAndCloseBrowser.getDriver(OpenAndCloseBrowser.java:41)
	at Core.OpenAndCloseBrowser.getDriver(OpenAndCloseBrowser.java:41)
	at Core.OpenAndCloseBrowser.getDriver(OpenAndCloseBrowser.java:41)
	at Core.OpenAndCloseBrowser.getDriver(OpenAndCloseBrowser.java:41)
	at Core.OpenAndCloseBrowser.getDriver(OpenAndCloseBrowser.java:41)
	at Core.OpenAndCloseBrowser.getDriver(OpenAndCloseBrowser.java:41)
	at Core.OpenAndCloseBrowser.getDriver(OpenAndCloseBrowser.java:41)
	at Core.OpenAndCloseBrowser.getDriver(OpenAndCloseBrowser.java:41)
	at Core.OpenAndCloseBrowser.getDriver(OpenAndCloseBrowser.java:41)
	at Core.OpenAndCloseBrowser.getDriver(OpenAndCloseBrowser.java:41)
	at Core.OpenAndCloseBrowser.getDriver(OpenAndCloseBrowser.java:41)
	at Core.OpenAndCloseBrowser.getDriver(OpenAndCloseBrowser.java:41)
	at Core.OpenAndCloseBrowser.getDriver(OpenAndCloseBrowser.java:41)
	at Core.OpenAndCloseBrowser.getDriver(OpenAndCloseBrowser.java:41)
	at Core.OpenAndCloseBrowser.getDriver(OpenAndCloseBrowser.java:41)
	at Core.OpenAndCloseBrowser.getDriver(OpenAndCloseBrowser.java:41)
	at Core.OpenAndCloseBrowser.getDriver(OpenAndCloseBrowser.java:41)
	at Core.OpenAndCloseBrowser.getDriver(OpenAndCloseBrowser.java:41)
	at Core.OpenAndCloseBrowser.getDriver(OpenAndCloseBrowser.java:41)
	at Core.OpenAndCloseBrowser.getDriver(OpenAndCloseBrowser.java:41)
	at Core.OpenAndCloseBrowser.getDriver(OpenAndCloseBrowser.java:41)
	at Core.OpenAndCloseBrowser.getDriver(OpenAndCloseBrowser.java:41)
	at Core.OpenAndCloseBrowser.getDriver(OpenAndCloseBrowser.java:41)
	at Core.OpenAndCloseBrowser.getDriver(OpenAndCloseBrowser.java:41)
	at Core.OpenAndCloseBrowser.getDriver(OpenAndCloseBrowser.java:41)
	at Core.OpenAndCloseBrowser.getDriver(OpenAndCloseBrowser.java:41)
	at Core.OpenAndCloseBrowser.getDriver(OpenAndCloseBrowser.java:41)
	at Core.OpenAndCloseBrowser.getDriver(OpenAndCloseBrowser.java:41)
	at Core.OpenAndCloseBrowser.getDriver(OpenAndCloseBrowser.java:41)
	at Core.OpenAndCloseBrowser.getDriver(OpenAndCloseBrowser.java:41)
	at Core.OpenAndCloseBrowser.getDriver(OpenAndCloseBrowser.java:41)
	at Core.OpenAndCloseBrowser.getDriver(OpenAndCloseBrowser.java:41)
	at Core.OpenAndCloseBrowser.getDriver(OpenAndCloseBrowser.java:41)
	at Core.OpenAndCloseBrowser.getDriver(OpenAndCloseBrowser.java:41)
	at Core.OpenAndCloseBrowser.getDriver(OpenAndCloseBrowser.java:41)
	at Core.OpenAndCloseBrowser.getDriver(OpenAndCloseBrowser.java:41)
	at Core.OpenAndCloseBrowser.getDriver(OpenAndCloseBrowser.java:41)
	at Core.OpenAndCloseBrowser.getDriver(OpenAndCloseBrowser.java:41)
	at Core.OpenAndCloseBrowser.getDriver(OpenAndCloseBrowser.java:41)
	at Core.OpenAndCloseBrowser.getDriver(OpenAndCloseBrowser.java:41)
	at Core.OpenAndCloseBrowser.getDriver(OpenAndCloseBrowser.java:41)
	at Core.OpenAndCloseBrowser.getDriver(OpenAndCloseBrowser.java:41)
	at Core.OpenAndCloseBrowser.getDriver(OpenAndCloseBrowser.java:41)
	at Core.OpenAndCloseBrowser.getDriver(OpenAndCloseBrowser.java:41)
	at Core.OpenAndCloseBrowser.getDriver(OpenAndCloseBrowser.java:41)
	at Core.OpenAndCloseBrowser.getDriver(OpenAndCloseBrowser.java:41)
	at Core.OpenAndCloseBrowser.getDriver(OpenAndCloseBrowser.java:41)
	at Core.OpenAndCloseBrowser.getDriver(OpenAndCloseBrowser.java:41)
	at Core.OpenAndCloseBrowser.getDriver(OpenAndCloseBrowser.java:41)
	at Core.OpenAndCloseBrowser.getDriver(OpenAndCloseBrowser.java:41)
	at Core.OpenAndCloseBrowser.getDriver(OpenAndCloseBrowser.java:41)
	at Core.OpenAndCloseBrowser.getDriver(OpenAndCloseBrowser.java:41)
	at Core.OpenAndCloseBrowser.getDriver(OpenAndCloseBrowser.java:41)
	at Core.OpenAndCloseBrowser.getDriver(OpenAndCloseBrowser.java:41)
	at Core.OpenAndCloseBrowser.getDriver(OpenAndCloseBrowser.java:41)
	at Core.OpenAndCloseBrowser.getDriver(OpenAndCloseBrowser.java:41)
	at Core.OpenAndCloseBrowser.getDriver(OpenAndCloseBrowser.java:41)
	at Core.OpenAndCloseBrowser.getDriver(OpenAndCloseBrowser.java:41)
	at Core.OpenAndCloseBrowser.getDriver(OpenAndCloseBrowser.java:41)
	at Core.OpenAndCloseBrowser.getDriver(OpenAndCloseBrowser.java:41)
	at Core.OpenAndCloseBrowser.getDriver(OpenAndCloseBrowser.java:41)
	at Core.OpenAndCloseBrowser.getDriver(OpenAndCloseBrowser.java:41)
	at Core.OpenAndCloseBrowser.getDriver(OpenAndCloseBrowser.java:41)
]]>
    </failure>
  </testcase> <!-- createAccount -->
</testsuite> <!-- Test -->
